#
# There is insufficient memory for the Java Runtime Environment to continue.
# Native memory allocation (malloc) failed to allocate 32744 bytes. Error detail: Chunk::new
# Possible reasons:
#   The system is out of physical RAM or swap space
#   This process is running with CompressedOops enabled, and the Java Heap may be blocking the growth of the native heap
# Possible solutions:
#   Reduce memory load on the system
#   Increase physical memory or swap space
#   Check if swap backing store is full
#   Decrease Java heap size (-Xmx/-Xms)
#   Decrease number of Java threads
#   Decrease Java thread stack sizes (-Xss)
#   Set larger code cache with -XX:ReservedCodeCacheSize=
#   JVM is running with Unscaled Compressed Oops mode in which the Java heap is
#     placed in the first 4GB address space. The Java Heap base address is the
#     maximum limit for the native heap growth. Please use -XX:HeapBaseMinAddress
#     to set the Java Heap base and to place the Java Heap above 4GB virtual address.
# This output file may be truncated or incomplete.
#
#  Out of Memory Error (arena.cpp:168), pid=17532, tid=17440
#
# JRE version: OpenJDK Runtime Environment Temurin-21.0.10+7 (21.0.10+7) (build 21.0.10+7-LTS)
# Java VM: OpenJDK 64-Bit Server VM Temurin-21.0.10+7 (21.0.10+7-LTS, mixed mode, sharing, tiered, compressed oops, compressed class ptrs, g1 gc, windows-amd64)
# No core dump will be written. Minidumps are not enabled by default on client versions of Windows
#

---------------  S U M M A R Y ------------

Command Line: -javaagent:C:\\Users\\PC\\.m2\\repository\\org\\jacoco\\org.jacoco.agent\\0.8.12\\org.jacoco.agent-0.8.12-runtime.jar=destfile=C:\\Users\\PC\\Documents\\GitHub\\sisrh\\indeci_backend\\target\\jacoco.exec C:\Users\PC\AppData\Local\Temp\surefire10192589083080823106\surefirebooter-20260618003239463_3.jar C:\Users\PC\AppData\Local\Temp\surefire10192589083080823106 2026-06-18T00-32-38_463-jvmRun1 surefire-20260618003239463_1tmp surefire_0-20260618003239463_2tmp

Host: 13th Gen Intel(R) i7-13620H CPU @ 2.4 GHz, , 2 cores, 7G,  Windows 11 , 64 bit Build 26100 (10.0.26100.8521)
Time: Thu Jun 18 00:32:47 2026 Hora est. Pac璗ico, Sudam廨ica elapsed time: 5.586421 seconds (0d 0h 0m 5s)

---------------  T H R E A D  ---------------

Current thread (0x0000019142c586b0):  JavaThread "C2 CompilerThread0" daemon [_thread_in_native, id=17440, stack(0x0000008a05b00000,0x0000008a05c00000) (1024K)]


Current CompileTask:
C2:5586 1241 %     4       org.jacoco.agent.rt.internal_aeaf9ab.asm.ClassReader::readCode @ 92 (5117 bytes)

Stack: [0x0000008a05b00000,0x0000008a05c00000]
Native frames: (J=compiled Java code, j=interpreted, Vv=VM code, C=native code)
V  [jvm.dll+0x6d7a39]
V  [jvm.dll+0x8b4b26]
V  [jvm.dll+0x8b70de]
V  [jvm.dll+0x8b77c3]
V  [jvm.dll+0x284346]
V  [jvm.dll+0xc66ed]
V  [jvm.dll+0xc6c31]
V  [jvm.dll+0x3c3f38]
V  [jvm.dll+0x5dfbb8]
V  [jvm.dll+0x5deca6]
V  [jvm.dll+0x5df7e7]
V  [jvm.dll+0x38b191]
V  [jvm.dll+0x38a5aa]
V  [jvm.dll+0x24c560]
V  [jvm.dll+0x24bb40]
V  [jvm.dll+0x1cb34e]
V  [jvm.dll+0x25b85d]
V  [jvm.dll+0x259dea]
V  [jvm.dll+0x3f857e]
V  [jvm.dll+0x85f59d]
V  [jvm.dll+0x6d626d]
C  [ucrtbase.dll+0x2cd30]
C  [KERNEL32.DLL+0x2e957]
C  [ntdll.dll+0x87c1c]


---------------  P R O C E S S  ---------------

Threads class SMR info:
_java_thread_list=0x0000019188a552a0, length=13, elements={
0x00000191270e5010, 0x0000019142c4be30, 0x0000019142c4d400, 0x0000019142c55a00,
0x0000019142c56460, 0x0000019142c56ec0, 0x0000019142c57920, 0x0000019142c586b0,
0x0000019142c85400, 0x000001918817a990, 0x00000191889eb700, 0x0000019188afdb00,
0x0000019188afe980
}

Java Threads: ( => current thread )
  0x00000191270e5010 JavaThread "main"                              [_thread_in_vm, id=5872, stack(0x0000008a04c00000,0x0000008a04d00000) (1024K)]
  0x0000019142c4be30 JavaThread "Reference Handler"          daemon [_thread_blocked, id=4840, stack(0x0000008a05500000,0x0000008a05600000) (1024K)]
  0x0000019142c4d400 JavaThread "Finalizer"                  daemon [_thread_blocked, id=20000, stack(0x0000008a05600000,0x0000008a05700000) (1024K)]
  0x0000019142c55a00 JavaThread "Signal Dispatcher"          daemon [_thread_blocked, id=12168, stack(0x0000008a05700000,0x0000008a05800000) (1024K)]
  0x0000019142c56460 JavaThread "Attach Listener"            daemon [_thread_blocked, id=11008, stack(0x0000008a05800000,0x0000008a05900000) (1024K)]
  0x0000019142c56ec0 JavaThread "Service Thread"             daemon [_thread_blocked, id=1980, stack(0x0000008a05900000,0x0000008a05a00000) (1024K)]
  0x0000019142c57920 JavaThread "Monitor Deflation Thread"   daemon [_thread_blocked, id=14652, stack(0x0000008a05a00000,0x0000008a05b00000) (1024K)]
=>0x0000019142c586b0 JavaThread "C2 CompilerThread0"         daemon [_thread_in_native, id=17440, stack(0x0000008a05b00000,0x0000008a05c00000) (1024K)]
  0x0000019142c85400 JavaThread "C1 CompilerThread0"         daemon [_thread_blocked, id=8756, stack(0x0000008a05c00000,0x0000008a05d00000) (1024K)]
  0x000001918817a990 JavaThread "Common-Cleaner"             daemon [_thread_blocked, id=1380, stack(0x0000008a05d00000,0x0000008a05e00000) (1024K)]
  0x00000191889eb700 JavaThread "Notification Thread"        daemon [_thread_blocked, id=14552, stack(0x0000008a05f00000,0x0000008a06000000) (1024K)]
  0x0000019188afdb00 JavaThread "surefire-forkedjvm-stream-flusher" daemon [_thread_blocked, id=10244, stack(0x0000008a06000000,0x0000008a06100000) (1024K)]
  0x0000019188afe980 JavaThread "surefire-forkedjvm-command-thread" daemon [_thread_in_native, id=17708, stack(0x0000008a06100000,0x0000008a06200000) (1024K)]
Total: 13

Other Threads:
  0x0000019142c2f350 VMThread "VM Thread"                           [id=18900, stack(0x0000008a05400000,0x0000008a05500000) (1024K)]
  0x0000019142c1bb40 WatcherThread "VM Periodic Task Thread"        [id=14848, stack(0x0000008a05300000,0x0000008a05400000) (1024K)]
  0x0000019127134ce0 WorkerThread "GC Thread#0"                     [id=13504, stack(0x0000008a04e00000,0x0000008a04f00000) (1024K)]
  0x000001918820b9d0 WorkerThread "GC Thread#1"                     [id=2848, stack(0x0000008a05e00000,0x0000008a05f00000) (1024K)]
  0x0000019127144bf0 ConcurrentGCThread "G1 Main Marker"            [id=1916, stack(0x0000008a04f00000,0x0000008a05000000) (1024K)]
  0x0000019127146490 WorkerThread "G1 Conc#0"                       [id=16980, stack(0x0000008a05000000,0x0000008a05100000) (1024K)]
  0x0000019142ae54d0 ConcurrentGCThread "G1 Refine#0"               [id=2064, stack(0x0000008a05100000,0x0000008a05200000) (1024K)]
  0x000001912719db90 ConcurrentGCThread "G1 Service"                [id=3440, stack(0x0000008a05200000,0x0000008a05300000) (1024K)]
Total: 8

Threads with active compile tasks:
C2 CompilerThread0  5624 1241 %     4       org.jacoco.agent.rt.internal_aeaf9ab.asm.ClassReader::readCode @ 92 (5117 bytes)
Total: 1

VM state: not at safepoint (normal execution)

VM Mutex/Monitor currently owned by a thread: None

Heap address: 0x000000008c000000, size: 1856 MB, Compressed Oops mode: 32-bit

CDS archive(s) mapped at: [0x0000019143000000-0x0000019143c80000-0x0000019143c80000), size 13107200, SharedBaseAddress: 0x0000019143000000, ArchiveRelocationMode: 1.
Compressed class space mapped at: 0x0000019144000000-0x0000019184000000, reserved size: 1073741824
Narrow klass base: 0x0000019143000000, Narrow klass shift: 0, Narrow klass range: 0x100000000

GC Precious Log:
 CardTable entry size: 512
 Card Set container configuration: InlinePtr #cards 5 size 8 Array Of Cards #cards 12 size 40 Howl #buckets 4 coarsen threshold 1843 Howl Bitmap #cards 512 size 80 coarsen threshold 460 Card regions per heap region 1 cards per card region 2048
 CPUs: 2 total, 2 available
 Memory: 7418M
 Large Page Support: Disabled
 NUMA Support: Disabled
 Compressed Oops: Enabled (32-bit)
 Heap Region Size: 1M
 Heap Min Capacity: 8M
 Heap Initial Capacity: 116M
 Heap Max Capacity: 1856M
 Pre-touch: Disabled
 Parallel Workers: 2
 Concurrent Workers: 1
 Concurrent Refinement Workers: 2
 Periodic GC: Disabled

Heap:
 garbage-first heap   total 118784K, used 17888K [0x000000008c000000, 0x0000000100000000)
  region size 1024K, 10 young (10240K), 2 survivors (2048K)
 Metaspace       used 3745K, committed 3904K, reserved 1114112K
  class space    used 337K, committed 384K, reserved 1048576K

Heap Regions: E=young(eden), S=young(survivor), O=old, HS=humongous(starts), HC=humongous(continues), CS=collection set, F=free, TAMS=top-at-mark-start, PB=parsable bottom
|   0|0x000000008c000000, 0x000000008c100000, 0x000000008c100000|100%|HS|  |TAMS 0x000000008c000000| PB 0x000000008c000000| Complete 
|   1|0x000000008c100000, 0x000000008c200000, 0x000000008c200000|100%| O|  |TAMS 0x000000008c100000| PB 0x000000008c100000| Untracked 
|   2|0x000000008c200000, 0x000000008c300000, 0x000000008c300000|100%| O|  |TAMS 0x000000008c200000| PB 0x000000008c200000| Untracked 
|   3|0x000000008c300000, 0x000000008c400000, 0x000000008c400000|100%| O|  |TAMS 0x000000008c300000| PB 0x000000008c300000| Untracked 
|   4|0x000000008c400000, 0x000000008c500000, 0x000000008c500000|100%| O|  |TAMS 0x000000008c400000| PB 0x000000008c400000| Untracked 
|   5|0x000000008c500000, 0x000000008c600000, 0x000000008c600000|100%| O|  |TAMS 0x000000008c500000| PB 0x000000008c500000| Untracked 
|   6|0x000000008c600000, 0x000000008c700000, 0x000000008c700000|100%| O|  |TAMS 0x000000008c600000| PB 0x000000008c600000| Untracked 
|   7|0x000000008c700000, 0x000000008c800000, 0x000000008c800000|100%| O|  |TAMS 0x000000008c700000| PB 0x000000008c700000| Untracked 
|   8|0x000000008c800000, 0x000000008c900000, 0x000000008c900000|100%| O|  |TAMS 0x000000008c800000| PB 0x000000008c800000| Untracked 
|   9|0x000000008c900000, 0x000000008c9262d0, 0x000000008ca00000| 14%| O|  |TAMS 0x000000008c900000| PB 0x000000008c900000| Untracked 
|  10|0x000000008ca00000, 0x000000008ca00000, 0x000000008cb00000|  0%| F|  |TAMS 0x000000008ca00000| PB 0x000000008ca00000| Untracked 
|  11|0x000000008cb00000, 0x000000008cb00000, 0x000000008cc00000|  0%| F|  |TAMS 0x000000008cb00000| PB 0x000000008cb00000| Untracked 
|  12|0x000000008cc00000, 0x000000008cc00000, 0x000000008cd00000|  0%| F|  |TAMS 0x000000008cc00000| PB 0x000000008cc00000| Untracked 
|  13|0x000000008cd00000, 0x000000008cd00000, 0x000000008ce00000|  0%| F|  |TAMS 0x000000008cd00000| PB 0x000000008cd00000| Untracked 
|  14|0x000000008ce00000, 0x000000008ce00000, 0x000000008cf00000|  0%| F|  |TAMS 0x000000008ce00000| PB 0x000000008ce00000| Untracked 
|  15|0x000000008cf00000, 0x000000008cf00000, 0x000000008d000000|  0%| F|  |TAMS 0x000000008cf00000| PB 0x000000008cf00000| Untracked 
|  16|0x000000008d000000, 0x000000008d000000, 0x000000008d100000|  0%| F|  |TAMS 0x000000008d000000| PB 0x000000008d000000| Untracked 
|  17|0x000000008d100000, 0x000000008d100000, 0x000000008d200000|  0%| F|  |TAMS 0x000000008d100000| PB 0x000000008d100000| Untracked 
|  18|0x000000008d200000, 0x000000008d200000, 0x000000008d300000|  0%| F|  |TAMS 0x000000008d200000| PB 0x000000008d200000| Untracked 
|  19|0x000000008d300000, 0x000000008d300000, 0x000000008d400000|  0%| F|  |TAMS 0x000000008d300000| PB 0x000000008d300000| Untracked 
|  20|0x000000008d400000, 0x000000008d400000, 0x000000008d500000|  0%| F|  |TAMS 0x000000008d400000| PB 0x000000008d400000| Untracked 
|  21|0x000000008d500000, 0x000000008d500000, 0x000000008d600000|  0%| F|  |TAMS 0x000000008d500000| PB 0x000000008d500000| Untracked 
|  22|0x000000008d600000, 0x000000008d600000, 0x000000008d700000|  0%| F|  |TAMS 0x000000008d600000| PB 0x000000008d600000| Untracked 
|  23|0x000000008d700000, 0x000000008d700000, 0x000000008d800000|  0%| F|  |TAMS 0x000000008d700000| PB 0x000000008d700000| Untracked 
|  24|0x000000008d800000, 0x000000008d800000, 0x000000008d900000|  0%| F|  |TAMS 0x000000008d800000| PB 0x000000008d800000| Untracked 
|  25|0x000000008d900000, 0x000000008d900000, 0x000000008da00000|  0%| F|  |TAMS 0x000000008d900000| PB 0x000000008d900000| Untracked 
|  26|0x000000008da00000, 0x000000008da00000, 0x000000008db00000|  0%| F|  |TAMS 0x000000008da00000| PB 0x000000008da00000| Untracked 
|  27|0x000000008db00000, 0x000000008db00000, 0x000000008dc00000|  0%| F|  |TAMS 0x000000008db00000| PB 0x000000008db00000| Untracked 
|  28|0x000000008dc00000, 0x000000008dc00000, 0x000000008dd00000|  0%| F|  |TAMS 0x000000008dc00000| PB 0x000000008dc00000| Untracked 
|  29|0x000000008dd00000, 0x000000008dd00000, 0x000000008de00000|  0%| F|  |TAMS 0x000000008dd00000| PB 0x000000008dd00000| Untracked 
|  30|0x000000008de00000, 0x000000008de00000, 0x000000008df00000|  0%| F|  |TAMS 0x000000008de00000| PB 0x000000008de00000| Untracked 
|  31|0x000000008df00000, 0x000000008df00000, 0x000000008e000000|  0%| F|  |TAMS 0x000000008df00000| PB 0x000000008df00000| Untracked 
|  32|0x000000008e000000, 0x000000008e000000, 0x000000008e100000|  0%| F|  |TAMS 0x000000008e000000| PB 0x000000008e000000| Untracked 
|  33|0x000000008e100000, 0x000000008e100000, 0x000000008e200000|  0%| F|  |TAMS 0x000000008e100000| PB 0x000000008e100000| Untracked 
|  34|0x000000008e200000, 0x000000008e200000, 0x000000008e300000|  0%| F|  |TAMS 0x000000008e200000| PB 0x000000008e200000| Untracked 
|  35|0x000000008e300000, 0x000000008e300000, 0x000000008e400000|  0%| F|  |TAMS 0x000000008e300000| PB 0x000000008e300000| Untracked 
|  36|0x000000008e400000, 0x000000008e400000, 0x000000008e500000|  0%| F|  |TAMS 0x000000008e400000| PB 0x000000008e400000| Untracked 
|  37|0x000000008e500000, 0x000000008e500000, 0x000000008e600000|  0%| F|  |TAMS 0x000000008e500000| PB 0x000000008e500000| Untracked 
|  38|0x000000008e600000, 0x000000008e600000, 0x000000008e700000|  0%| F|  |TAMS 0x000000008e600000| PB 0x000000008e600000| Untracked 
|  39|0x000000008e700000, 0x000000008e700000, 0x000000008e800000|  0%| F|  |TAMS 0x000000008e700000| PB 0x000000008e700000| Untracked 
|  40|0x000000008e800000, 0x000000008e800000, 0x000000008e900000|  0%| F|  |TAMS 0x000000008e800000| PB 0x000000008e800000| Untracked 
|  41|0x000000008e900000, 0x000000008e900000, 0x000000008ea00000|  0%| F|  |TAMS 0x000000008e900000| PB 0x000000008e900000| Untracked 
|  42|0x000000008ea00000, 0x000000008ea00000, 0x000000008eb00000|  0%| F|  |TAMS 0x000000008ea00000| PB 0x000000008ea00000| Untracked 
|  43|0x000000008eb00000, 0x000000008eb00000, 0x000000008ec00000|  0%| F|  |TAMS 0x000000008eb00000| PB 0x000000008eb00000| Untracked 
|  44|0x000000008ec00000, 0x000000008ec00000, 0x000000008ed00000|  0%| F|  |TAMS 0x000000008ec00000| PB 0x000000008ec00000| Untracked 
|  45|0x000000008ed00000, 0x000000008ed00000, 0x000000008ee00000|  0%| F|  |TAMS 0x000000008ed00000| PB 0x000000008ed00000| Untracked 
|  46|0x000000008ee00000, 0x000000008ee00000, 0x000000008ef00000|  0%| F|  |TAMS 0x000000008ee00000| PB 0x000000008ee00000| Untracked 
|  47|0x000000008ef00000, 0x000000008ef00000, 0x000000008f000000|  0%| F|  |TAMS 0x000000008ef00000| PB 0x000000008ef00000| Untracked 
|  48|0x000000008f000000, 0x000000008f000000, 0x000000008f100000|  0%| F|  |TAMS 0x000000008f000000| PB 0x000000008f000000| Untracked 
|  49|0x000000008f100000, 0x000000008f100000, 0x000000008f200000|  0%| F|  |TAMS 0x000000008f100000| PB 0x000000008f100000| Untracked 
|  50|0x000000008f200000, 0x000000008f200000, 0x000000008f300000|  0%| F|  |TAMS 0x000000008f200000| PB 0x000000008f200000| Untracked 
|  51|0x000000008f300000, 0x000000008f300000, 0x000000008f400000|  0%| F|  |TAMS 0x000000008f300000| PB 0x000000008f300000| Untracked 
|  52|0x000000008f400000, 0x000000008f400000, 0x000000008f500000|  0%| F|  |TAMS 0x000000008f400000| PB 0x000000008f400000| Untracked 
|  53|0x000000008f500000, 0x000000008f500000, 0x000000008f600000|  0%| F|  |TAMS 0x000000008f500000| PB 0x000000008f500000| Untracked 
|  54|0x000000008f600000, 0x000000008f600000, 0x000000008f700000|  0%| F|  |TAMS 0x000000008f600000| PB 0x000000008f600000| Untracked 
|  55|0x000000008f700000, 0x000000008f700000, 0x000000008f800000|  0%| F|  |TAMS 0x000000008f700000| PB 0x000000008f700000| Untracked 
|  56|0x000000008f800000, 0x000000008f800000, 0x000000008f900000|  0%| F|  |TAMS 0x000000008f800000| PB 0x000000008f800000| Untracked 
|  57|0x000000008f900000, 0x000000008f900000, 0x000000008fa00000|  0%| F|  |TAMS 0x000000008f900000| PB 0x000000008f900000| Untracked 
|  58|0x000000008fa00000, 0x000000008fa00000, 0x000000008fb00000|  0%| F|  |TAMS 0x000000008fa00000| PB 0x000000008fa00000| Untracked 
|  59|0x000000008fb00000, 0x000000008fb00000, 0x000000008fc00000|  0%| F|  |TAMS 0x000000008fb00000| PB 0x000000008fb00000| Untracked 
|  60|0x000000008fc00000, 0x000000008fc00000, 0x000000008fd00000|  0%| F|  |TAMS 0x000000008fc00000| PB 0x000000008fc00000| Untracked 
|  61|0x000000008fd00000, 0x000000008fd00000, 0x000000008fe00000|  0%| F|  |TAMS 0x000000008fd00000| PB 0x000000008fd00000| Untracked 
|  62|0x000000008fe00000, 0x000000008fe00000, 0x000000008ff00000|  0%| F|  |TAMS 0x000000008fe00000| PB 0x000000008fe00000| Untracked 
|  63|0x000000008ff00000, 0x000000008ff00000, 0x0000000090000000|  0%| F|  |TAMS 0x000000008ff00000| PB 0x000000008ff00000| Untracked 
|  64|0x0000000090000000, 0x0000000090000000, 0x0000000090100000|  0%| F|  |TAMS 0x0000000090000000| PB 0x0000000090000000| Untracked 
|  65|0x0000000090100000, 0x0000000090100000, 0x0000000090200000|  0%| F|  |TAMS 0x0000000090100000| PB 0x0000000090100000| Untracked 
|  66|0x0000000090200000, 0x0000000090200000, 0x0000000090300000|  0%| F|  |TAMS 0x0000000090200000| PB 0x0000000090200000| Untracked 
|  67|0x0000000090300000, 0x0000000090300000, 0x0000000090400000|  0%| F|  |TAMS 0x0000000090300000| PB 0x0000000090300000| Untracked 
|  68|0x0000000090400000, 0x0000000090400000, 0x0000000090500000|  0%| F|  |TAMS 0x0000000090400000| PB 0x0000000090400000| Untracked 
|  69|0x0000000090500000, 0x0000000090500000, 0x0000000090600000|  0%| F|  |TAMS 0x0000000090500000| PB 0x0000000090500000| Untracked 
|  70|0x0000000090600000, 0x0000000090600000, 0x0000000090700000|  0%| F|  |TAMS 0x0000000090600000| PB 0x0000000090600000| Untracked 
|  71|0x0000000090700000, 0x0000000090700000, 0x0000000090800000|  0%| F|  |TAMS 0x0000000090700000| PB 0x0000000090700000| Untracked 
|  72|0x0000000090800000, 0x0000000090800000, 0x0000000090900000|  0%| F|  |TAMS 0x0000000090800000| PB 0x0000000090800000| Untracked 
|  73|0x0000000090900000, 0x0000000090900000, 0x0000000090a00000|  0%| F|  |TAMS 0x0000000090900000| PB 0x0000000090900000| Untracked 
|  74|0x0000000090a00000, 0x0000000090a00000, 0x0000000090b00000|  0%| F|  |TAMS 0x0000000090a00000| PB 0x0000000090a00000| Untracked 
|  75|0x0000000090b00000, 0x0000000090b00000, 0x0000000090c00000|  0%| F|  |TAMS 0x0000000090b00000| PB 0x0000000090b00000| Untracked 
|  76|0x0000000090c00000, 0x0000000090c00000, 0x0000000090d00000|  0%| F|  |TAMS 0x0000000090c00000| PB 0x0000000090c00000| Untracked 
|  77|0x0000000090d00000, 0x0000000090d00000, 0x0000000090e00000|  0%| F|  |TAMS 0x0000000090d00000| PB 0x0000000090d00000| Untracked 
|  78|0x0000000090e00000, 0x0000000090e00000, 0x0000000090f00000|  0%| F|  |TAMS 0x0000000090e00000| PB 0x0000000090e00000| Untracked 
|  79|0x0000000090f00000, 0x0000000090f00000, 0x0000000091000000|  0%| F|  |TAMS 0x0000000090f00000| PB 0x0000000090f00000| Untracked 
|  80|0x0000000091000000, 0x0000000091000000, 0x0000000091100000|  0%| F|  |TAMS 0x0000000091000000| PB 0x0000000091000000| Untracked 
|  81|0x0000000091100000, 0x0000000091100000, 0x0000000091200000|  0%| F|  |TAMS 0x0000000091100000| PB 0x0000000091100000| Untracked 
|  82|0x0000000091200000, 0x0000000091200000, 0x0000000091300000|  0%| F|  |TAMS 0x0000000091200000| PB 0x0000000091200000| Untracked 
|  83|0x0000000091300000, 0x0000000091300000, 0x0000000091400000|  0%| F|  |TAMS 0x0000000091300000| PB 0x0000000091300000| Untracked 
|  84|0x0000000091400000, 0x0000000091400000, 0x0000000091500000|  0%| F|  |TAMS 0x0000000091400000| PB 0x0000000091400000| Untracked 
|  85|0x0000000091500000, 0x0000000091500000, 0x0000000091600000|  0%| F|  |TAMS 0x0000000091500000| PB 0x0000000091500000| Untracked 
|  86|0x0000000091600000, 0x0000000091600000, 0x0000000091700000|  0%| F|  |TAMS 0x0000000091600000| PB 0x0000000091600000| Untracked 
|  87|0x0000000091700000, 0x0000000091700000, 0x0000000091800000|  0%| F|  |TAMS 0x0000000091700000| PB 0x0000000091700000| Untracked 
|  88|0x0000000091800000, 0x0000000091800000, 0x0000000091900000|  0%| F|  |TAMS 0x0000000091800000| PB 0x0000000091800000| Untracked 
|  89|0x0000000091900000, 0x0000000091900000, 0x0000000091a00000|  0%| F|  |TAMS 0x0000000091900000| PB 0x0000000091900000| Untracked 
|  90|0x0000000091a00000, 0x0000000091a00000, 0x0000000091b00000|  0%| F|  |TAMS 0x0000000091a00000| PB 0x0000000091a00000| Untracked 
|  91|0x0000000091b00000, 0x0000000091b00000, 0x0000000091c00000|  0%| F|  |TAMS 0x0000000091b00000| PB 0x0000000091b00000| Untracked 
|  92|0x0000000091c00000, 0x0000000091c00000, 0x0000000091d00000|  0%| F|  |TAMS 0x0000000091c00000| PB 0x0000000091c00000| Untracked 
|  93|0x0000000091d00000, 0x0000000091d00000, 0x0000000091e00000|  0%| F|  |TAMS 0x0000000091d00000| PB 0x0000000091d00000| Untracked 
|  94|0x0000000091e00000, 0x0000000091e00000, 0x0000000091f00000|  0%| F|  |TAMS 0x0000000091e00000| PB 0x0000000091e00000| Untracked 
|  95|0x0000000091f00000, 0x0000000091f00000, 0x0000000092000000|  0%| F|  |TAMS 0x0000000091f00000| PB 0x0000000091f00000| Untracked 
|  96|0x0000000092000000, 0x0000000092000000, 0x0000000092100000|  0%| F|  |TAMS 0x0000000092000000| PB 0x0000000092000000| Untracked 
|  97|0x0000000092100000, 0x0000000092100000, 0x0000000092200000|  0%| F|  |TAMS 0x0000000092100000| PB 0x0000000092100000| Untracked 
|  98|0x0000000092200000, 0x0000000092200000, 0x0000000092300000|  0%| F|  |TAMS 0x0000000092200000| PB 0x0000000092200000| Untracked 
|  99|0x0000000092300000, 0x0000000092300000, 0x0000000092400000|  0%| F|  |TAMS 0x0000000092300000| PB 0x0000000092300000| Untracked 
| 100|0x0000000092400000, 0x0000000092400000, 0x0000000092500000|  0%| F|  |TAMS 0x0000000092400000| PB 0x0000000092400000| Untracked 
| 101|0x0000000092500000, 0x0000000092500000, 0x0000000092600000|  0%| F|  |TAMS 0x0000000092500000| PB 0x0000000092500000| Untracked 
| 102|0x0000000092600000, 0x0000000092600000, 0x0000000092700000|  0%| F|  |TAMS 0x0000000092600000| PB 0x0000000092600000| Untracked 
| 103|0x0000000092700000, 0x0000000092700000, 0x0000000092800000|  0%| F|  |TAMS 0x0000000092700000| PB 0x0000000092700000| Untracked 
| 104|0x0000000092800000, 0x0000000092851e18, 0x0000000092900000| 31%| S|CS|TAMS 0x0000000092800000| PB 0x0000000092800000| Complete 
| 105|0x0000000092900000, 0x0000000092a00000, 0x0000000092a00000|100%| S|CS|TAMS 0x0000000092900000| PB 0x0000000092900000| Complete 
| 106|0x0000000092a00000, 0x0000000092a00000, 0x0000000092b00000|  0%| F|  |TAMS 0x0000000092a00000| PB 0x0000000092a00000| Untracked 
| 107|0x0000000092b00000, 0x0000000092b00000, 0x0000000092c00000|  0%| F|  |TAMS 0x0000000092b00000| PB 0x0000000092b00000| Untracked 
| 108|0x0000000092c00000, 0x0000000092c28528, 0x0000000092d00000| 15%| E|  |TAMS 0x0000000092c00000| PB 0x0000000092c00000| Complete 
| 109|0x0000000092d00000, 0x0000000092e00000, 0x0000000092e00000|100%| E|CS|TAMS 0x0000000092d00000| PB 0x0000000092d00000| Complete 
| 110|0x0000000092e00000, 0x0000000092f00000, 0x0000000092f00000|100%| E|CS|TAMS 0x0000000092e00000| PB 0x0000000092e00000| Complete 
| 111|0x0000000092f00000, 0x0000000093000000, 0x0000000093000000|100%| E|CS|TAMS 0x0000000092f00000| PB 0x0000000092f00000| Complete 
| 112|0x0000000093000000, 0x0000000093100000, 0x0000000093100000|100%| E|CS|TAMS 0x0000000093000000| PB 0x0000000093000000| Complete 
| 113|0x0000000093100000, 0x0000000093200000, 0x0000000093200000|100%| E|CS|TAMS 0x0000000093100000| PB 0x0000000093100000| Complete 
| 114|0x0000000093200000, 0x0000000093300000, 0x0000000093300000|100%| E|CS|TAMS 0x0000000093200000| PB 0x0000000093200000| Complete 
| 115|0x0000000093300000, 0x0000000093400000, 0x0000000093400000|100%| E|CS|TAMS 0x0000000093300000| PB 0x0000000093300000| Complete 

Card table byte_map: [0x000001913e7f0000,0x000001913eb90000] _byte_map_base: 0x000001913e390000

Marking Bits: (CMBitMap*) 0x0000019127135300
 Bits: [0x000001913eb90000, 0x0000019140890000)

Polling page: 0x0000019124e70000

Metaspace:

Usage:
  Non-class:      3.33 MB used.
      Class:    337.02 KB used.
       Both:      3.66 MB used.

Virtual space:
  Non-class space:       64.00 MB reserved,       3.44 MB (  5%) committed,  1 nodes.
      Class space:        1.00 GB reserved,     384.00 KB ( <1%) committed,  1 nodes.
             Both:        1.06 GB reserved,       3.81 MB ( <1%) committed. 

Chunk freelists:
   Non-Class:  10.55 MB
       Class:  15.58 MB
        Both:  26.12 MB

MaxMetaspaceSize: unlimited
CompressedClassSpaceSize: 1.00 GB
Initial GC threshold: 21.00 MB
Current GC threshold: 21.00 MB
CDS: on
 - commit_granule_bytes: 65536.
 - commit_granule_words: 8192.
 - virtual_space_node_default_size: 8388608.
 - enlarge_chunks_in_place: 1.
 - use_allocation_guard: 0.


Internal statistics:

num_allocs_failed_limit: 0.
num_arena_births: 72.
num_arena_deaths: 0.
num_vsnodes_births: 2.
num_vsnodes_deaths: 0.
num_space_committed: 61.
num_space_uncommitted: 0.
num_chunks_returned_to_freelist: 0.
num_chunks_taken_from_freelist: 137.
num_chunk_merges: 0.
num_chunk_splits: 103.
num_chunks_enlarged: 78.
num_inconsistent_stats: 0.

CodeHeap 'non-profiled nmethods': size=120064Kb used=528Kb max_used=528Kb free=119535Kb
 bounds [0x00000191372b0000, 0x0000019137520000, 0x000001913e7f0000]
CodeHeap 'profiled nmethods': size=120000Kb used=2776Kb max_used=2776Kb free=117224Kb
 bounds [0x000001912f7f0000, 0x000001912fab0000, 0x0000019136d20000]
CodeHeap 'non-nmethods': size=5696Kb used=1275Kb max_used=1309Kb free=4420Kb
 bounds [0x0000019136d20000, 0x0000019136f90000, 0x00000191372b0000]
CodeCache: size=245760Kb, used=4579Kb, max_used=4613Kb, free=241179Kb
 total_blobs=1686, nmethods=1244, adapters=347, full_count=0
Compilation: enabled, stopped_count=0, restarted_count=0

Compilation events (20 events):
Event: 4.918 Thread 0x0000019142c586b0 nmethod 1235 0x0000019137332490 code [0x0000019137332640, 0x00000191373327c8]
Event: 4.931 Thread 0x0000019142c586b0 1236       4       org.jacoco.agent.rt.internal_aeaf9ab.asm.tree.MethodNode::visitLabel (13 bytes)
Event: 4.940 Thread 0x0000019142c586b0 nmethod 1236 0x0000019137332a10 code [0x0000019137332be0, 0x0000019137333360]
Event: 4.944 Thread 0x0000019142c586b0 1237       4       java.util.regex.Pattern$$Lambda/0x000001914405cab0::is (5 bytes)
Event: 4.945 Thread 0x0000019142c586b0 nmethod 1237 0x0000019137333510 code [0x00000191373336a0, 0x00000191373337a8]
Event: 4.958 Thread 0x0000019142c85400 1238       3       org.jacoco.agent.rt.internal_aeaf9ab.asm.tree.IincInsnNode::accept (18 bytes)
Event: 4.958 Thread 0x0000019142c85400 nmethod 1238 0x000001912fa82990 code [0x000001912fa82b40, 0x000001912fa82d78]
Event: 4.962 Thread 0x0000019142c85400 1239       1       java.lang.ClassLoader::getUnnamedModule (5 bytes)
Event: 4.963 Thread 0x0000019142c85400 nmethod 1239 0x0000019137333890 code [0x0000019137333a20, 0x0000019137333ae8]
Event: 4.975 Thread 0x0000019142c586b0 1240       4       org.jacoco.agent.rt.internal_aeaf9ab.asm.MethodVisitor::visitEnd (15 bytes)
Event: 4.975 Thread 0x0000019142c586b0 nmethod 1240 0x0000019137333b90 code [0x0000019137333d20, 0x0000019137333dd8]
Event: 4.995 Thread 0x0000019142c586b0 1241 %     4       org.jacoco.agent.rt.internal_aeaf9ab.asm.ClassReader::readCode @ 92 (5117 bytes)
Event: 5.144 Thread 0x0000019142c85400 1244       3       org.jacoco.agent.rt.internal_aeaf9ab.asm.commons.AnalyzerAdapter::execute (1961 bytes)
Event: 5.155 Thread 0x0000019142c85400 nmethod 1244 0x000001912fa82e90 code [0x000001912fa848a0, 0x000001912fa959f8]
Event: 5.264 Thread 0x0000019142c85400 1245       3       java.util.ArrayList::fastRemove (44 bytes)
Event: 5.264 Thread 0x0000019142c85400 nmethod 1245 0x000001912fa9a490 code [0x000001912fa9a660, 0x000001912fa9aa50]
Event: 5.279 Thread 0x0000019142c85400 1246       1       java.util.concurrent.locks.AbstractOwnableSynchronizer::getExclusiveOwnerThread (5 bytes)
Event: 5.279 Thread 0x0000019142c85400 nmethod 1246 0x0000019137333e90 code [0x0000019137334020, 0x00000191373340e8]
Event: 5.344 Thread 0x0000019142c85400 1247       3       org.jacoco.agent.rt.internal_aeaf9ab.asm.ClassReader::accept (1419 bytes)
Event: 5.354 Thread 0x0000019142c85400 nmethod 1247 0x000001912fa9ab90 code [0x000001912fa9b7a0, 0x000001912faa29f8]

GC Heap History (8 events):
Event: 1.208 GC heap before
{Heap before GC invocations=0 (full 0):
 garbage-first heap   total 118784K, used 6144K [0x000000008c000000, 0x0000000100000000)
  region size 1024K, 6 young (6144K), 0 survivors (0K)
 Metaspace       used 400K, committed 576K, reserved 1114112K
  class space    used 15K, committed 128K, reserved 1048576K
}
Event: 1.252 GC heap after
{Heap after GC invocations=1 (full 0):
 garbage-first heap   total 118784K, used 4776K [0x000000008c000000, 0x0000000100000000)
  region size 1024K, 1 young (1024K), 1 survivors (1024K)
 Metaspace       used 400K, committed 576K, reserved 1114112K
  class space    used 15K, committed 128K, reserved 1048576K
}
Event: 1.534 GC heap before
{Heap before GC invocations=1 (full 0):
 garbage-first heap   total 118784K, used 7848K [0x000000008c000000, 0x0000000100000000)
  region size 1024K, 5 young (5120K), 1 survivors (1024K)
 Metaspace       used 457K, committed 640K, reserved 1114112K
  class space    used 17K, committed 128K, reserved 1048576K
}
Event: 1.537 GC heap after
{Heap after GC invocations=2 (full 0):
 garbage-first heap   total 118784K, used 8102K [0x000000008c000000, 0x0000000100000000)
  region size 1024K, 1 young (1024K), 1 survivors (1024K)
 Metaspace       used 457K, committed 640K, reserved 1114112K
  class space    used 17K, committed 128K, reserved 1048576K
}
Event: 2.932 GC heap before
{Heap before GC invocations=2 (full 0):
 garbage-first heap   total 118784K, used 14246K [0x000000008c000000, 0x0000000100000000)
  region size 1024K, 7 young (7168K), 1 survivors (1024K)
 Metaspace       used 1975K, committed 2176K, reserved 1114112K
  class space    used 178K, committed 256K, reserved 1048576K
}
Event: 2.937 GC heap after
{Heap after GC invocations=3 (full 0):
 garbage-first heap   total 118784K, used 10392K [0x000000008c000000, 0x0000000100000000)
  region size 1024K, 1 young (1024K), 1 survivors (1024K)
 Metaspace       used 1975K, committed 2176K, reserved 1114112K
  class space    used 178K, committed 256K, reserved 1048576K
}
Event: 4.110 GC heap before
{Heap before GC invocations=3 (full 0):
 garbage-first heap   total 118784K, used 19608K [0x000000008c000000, 0x0000000100000000)
  region size 1024K, 10 young (10240K), 1 survivors (1024K)
 Metaspace       used 3416K, committed 3584K, reserved 1114112K
  class space    used 308K, committed 384K, reserved 1048576K
}
Event: 4.112 GC heap after
{Heap after GC invocations=4 (full 0):
 garbage-first heap   total 118784K, used 10720K [0x000000008c000000, 0x0000000100000000)
  region size 1024K, 2 young (2048K), 2 survivors (2048K)
 Metaspace       used 3416K, committed 3584K, reserved 1114112K
  class space    used 308K, committed 384K, reserved 1048576K
}

Dll operation events (11 events):
Event: 0.036 Loaded shared library C:\Program Files\Eclipse Adoptium\jdk-21.0.10.7-hotspot\bin\java.dll
Event: 0.098 Loaded shared library C:\Program Files\Eclipse Adoptium\jdk-21.0.10.7-hotspot\bin\jsvml.dll
Event: 0.258 Loaded shared library C:\Program Files\Eclipse Adoptium\jdk-21.0.10.7-hotspot\bin\zip.dll
Event: 0.266 Loaded shared library C:\Program Files\Eclipse Adoptium\jdk-21.0.10.7-hotspot\bin\instrument.dll
Event: 0.283 Loaded shared library C:\Program Files\Eclipse Adoptium\jdk-21.0.10.7-hotspot\bin\net.dll
Event: 0.286 Loaded shared library C:\Program Files\Eclipse Adoptium\jdk-21.0.10.7-hotspot\bin\nio.dll
Event: 0.294 Loaded shared library C:\Program Files\Eclipse Adoptium\jdk-21.0.10.7-hotspot\bin\zip.dll
Event: 1.781 Loaded shared library C:\Program Files\Eclipse Adoptium\jdk-21.0.10.7-hotspot\bin\verify.dll
Event: 1.999 Loaded shared library C:\Program Files\Eclipse Adoptium\jdk-21.0.10.7-hotspot\bin\jimage.dll
Event: 3.371 Loaded shared library C:\Program Files\Eclipse Adoptium\jdk-21.0.10.7-hotspot\bin\management.dll
Event: 3.383 Loaded shared library C:\Program Files\Eclipse Adoptium\jdk-21.0.10.7-hotspot\bin\management_ext.dll

Deoptimization events (20 events):
Event: 4.527 Thread 0x00000191270e5010 DEOPT PACKING pc=0x000001912f9f554e sp=0x0000008a04cf9560
Event: 4.527 Thread 0x00000191270e5010 DEOPT UNPACKING pc=0x0000019136d74bc2 sp=0x0000008a04cf8a68 mode 0
Event: 4.548 Thread 0x00000191270e5010 Uncommon trap: trap_request=0xffffff45 fr.pc=0x0000019137319440 relative=0x0000000000000e20
Event: 4.548 Thread 0x00000191270e5010 Uncommon trap: reason=unstable_if action=reinterpret pc=0x0000019137319440 method=org.jacoco.agent.rt.internal_aeaf9ab.asm.Frame.getAbstractTypeFromDescriptor(Lorg/jacoco/agent/rt/internal_aeaf9ab/asm/SymbolTable;Ljava/lang/String;I)I @ 189 c2
Event: 4.548 Thread 0x00000191270e5010 DEOPT PACKING pc=0x0000019137319440 sp=0x0000008a04cfb010
Event: 4.548 Thread 0x00000191270e5010 DEOPT UNPACKING pc=0x0000019136d74422 sp=0x0000008a04cfafe0 mode 2
Event: 4.710 Thread 0x00000191270e5010 Uncommon trap: trap_request=0xffffff45 fr.pc=0x0000019137307a98 relative=0x00000000000000f8
Event: 4.711 Thread 0x00000191270e5010 Uncommon trap: reason=unstable_if action=reinterpret pc=0x0000019137307a98 method=java.util.ArrayList.fastRemove([Ljava/lang/Object;I)V @ 19 c2
Event: 4.711 Thread 0x00000191270e5010 DEOPT PACKING pc=0x0000019137307a98 sp=0x0000008a04cfb1e0
Event: 4.711 Thread 0x00000191270e5010 DEOPT UNPACKING pc=0x0000019136d74422 sp=0x0000008a04cfb188 mode 2
Event: 4.755 Thread 0x00000191270e5010 DEOPT PACKING pc=0x000001912f9f554e sp=0x0000008a04cfb540
Event: 4.755 Thread 0x00000191270e5010 DEOPT UNPACKING pc=0x0000019136d74bc2 sp=0x0000008a04cfaa48 mode 0
Event: 5.143 Thread 0x00000191270e5010 DEOPT PACKING pc=0x000001912f972149 sp=0x0000008a04cfb510
Event: 5.143 Thread 0x00000191270e5010 DEOPT UNPACKING pc=0x0000019136d74bc2 sp=0x0000008a04cfa9a0 mode 0
Event: 5.144 Thread 0x00000191270e5010 Uncommon trap: trap_request=0xffffff45 fr.pc=0x0000019137327c88 relative=0x0000000000000888
Event: 5.144 Thread 0x00000191270e5010 Uncommon trap: reason=unstable_if action=reinterpret pc=0x0000019137327c88 method=org.jacoco.agent.rt.internal_aeaf9ab.asm.commons.AnalyzerAdapter.execute(IILjava/lang/String;)V @ 1753 c2
Event: 5.144 Thread 0x00000191270e5010 DEOPT PACKING pc=0x0000019137327c88 sp=0x0000008a04cfb3b0
Event: 5.144 Thread 0x00000191270e5010 DEOPT UNPACKING pc=0x0000019136d74422 sp=0x0000008a04cfb370 mode 2
Event: 5.343 Thread 0x00000191270e5010 DEOPT PACKING pc=0x000001912f972149 sp=0x0000008a04cfb510
Event: 5.343 Thread 0x00000191270e5010 DEOPT UNPACKING pc=0x0000019136d74bc2 sp=0x0000008a04cfa9a0 mode 0

Classes loaded (20 events):
Event: 3.982 Loading class java/util/concurrent/ThreadPoolExecutor$Worker
Event: 3.982 Loading class java/util/concurrent/ThreadPoolExecutor$Worker done
Event: 4.115 Loading class java/util/concurrent/atomic/AtomicBoolean
Event: 4.115 Loading class java/util/concurrent/atomic/AtomicBoolean done
Event: 4.141 Loading class java/nio/channels/NonReadableChannelException
Event: 4.141 Loading class java/nio/channels/NonReadableChannelException done
Event: 4.141 Loading class java/io/EOFException
Event: 4.141 Loading class java/io/EOFException done
Event: 4.482 Loading class java/util/concurrent/ConcurrentLinkedQueue
Event: 4.487 Loading class java/util/concurrent/ConcurrentLinkedQueue done
Event: 4.487 Loading class java/util/concurrent/ConcurrentLinkedQueue$Node
Event: 4.487 Loading class java/util/concurrent/ConcurrentLinkedQueue$Node done
Event: 4.490 Loading class java/util/concurrent/atomic/AtomicReference
Event: 4.490 Loading class java/util/concurrent/atomic/AtomicReference done
Event: 4.491 Loading class java/util/concurrent/CountDownLatch
Event: 4.491 Loading class java/util/concurrent/CountDownLatch done
Event: 4.491 Loading class java/util/concurrent/CountDownLatch$Sync
Event: 4.491 Loading class java/util/concurrent/CountDownLatch$Sync done
Event: 4.988 Loading class java/util/concurrent/ConcurrentLinkedQueue$Itr
Event: 4.988 Loading class java/util/concurrent/ConcurrentLinkedQueue$Itr done

Classes unloaded (0 events):
No events

Classes redefined (0 events):
No events

Internal exceptions (9 events):
Event: 1.789 Thread 0x00000191270e5010 Exception <a 'java/lang/NoSuchMethodError'{0x00000000931457d0}: 'void java.lang.invoke.DirectMethodHandle$Holder.invokeStatic(java.lang.Object, java.lang.Object, java.lang.Object)'> (0x00000000931457d0) 
thrown [s\src\hotspot\share\interpreter\linkResolver.cpp, line 773]
Event: 1.897 Thread 0x00000191270e5010 Exception <a 'java/lang/NoSuchMethodError'{0x000000009315d7a0}: 'java.lang.Object java.lang.invoke.Invokers$Holder.invokeExact_MT(java.lang.Object, java.lang.Object, java.lang.Object, java.lang.Object, java.lang.Object)'> (0x000000009315d7a0) 
thrown [s\src\hotspot\share\interpreter\linkResolver.cpp, line 773]
Event: 2.089 Thread 0x00000191270e5010 Exception <a 'java/lang/NoSuchMethodError'{0x0000000093007168}: 'void java.lang.invoke.DelegatingMethodHandle$Holder.reinvoke_L(java.lang.Object, java.lang.Object, java.lang.Object, java.lang.Object, java.lang.Object, java.lang.Object, java.lang.Object, java.lang.Object)'> (0x0000000093007168) 
thrown [s\src\hotspot\share\interpreter\linkResolver.cpp, line 773]
Event: 2.099 Thread 0x00000191270e5010 Exception <a 'java/lang/NoSuchMethodError'{0x000000009301c3b8}: 'java.lang.Object java.lang.invoke.DirectMethodHandle$Holder.invokeStatic(java.lang.Object, java.lang.Object, int)'> (0x000000009301c3b8) 
thrown [s\src\hotspot\share\interpreter\linkResolver.cpp, line 773]
Event: 2.101 Thread 0x00000191270e5010 Exception <a 'java/lang/NoSuchMethodError'{0x0000000093027c48}: 'void java.lang.invoke.DelegatingMethodHandle$Holder.delegate(java.lang.Object, java.lang.Object, int, java.lang.Object)'> (0x0000000093027c48) 
thrown [s\src\hotspot\share\interpreter\linkResolver.cpp, line 773]
Event: 2.107 Thread 0x00000191270e5010 Exception <a 'java/lang/NoSuchMethodError'{0x000000009302b990}: 'int java.lang.invoke.DirectMethodHandle$Holder.invokeSpecial(java.lang.Object, java.lang.Object, java.lang.Object)'> (0x000000009302b990) 
thrown [s\src\hotspot\share\interpreter\linkResolver.cpp, line 773]
Event: 2.301 Thread 0x00000191270e5010 Exception <a 'java/lang/NoSuchMethodError'{0x0000000093042810}: 'void java.lang.invoke.DirectMethodHandle$Holder.invokeStatic(java.lang.Object, java.lang.Object, java.lang.Object, java.lang.Object)'> (0x0000000093042810) 
thrown [s\src\hotspot\share\interpreter\linkResolver.cpp, line 773]
Event: 2.714 Thread 0x00000191270e5010 Exception <a 'java/lang/NoSuchMethodError'{0x0000000092e90638}: 'void java.lang.invoke.DirectMethodHandle$Holder.invokeSpecial(java.lang.Object, java.lang.Object, java.lang.Object)'> (0x0000000092e90638) 
thrown [s\src\hotspot\share\interpreter\linkResolver.cpp, line 773]
Event: 2.714 Thread 0x00000191270e5010 Exception <a 'java/lang/NoSuchMethodError'{0x0000000092e93d38}: 'void java.lang.invoke.Invokers$Holder.invokeExact_MT(java.lang.Object, java.lang.Object, java.lang.Object)'> (0x0000000092e93d38) 
thrown [s\src\hotspot\share\interpreter\linkResolver.cpp, line 773]

ZGC Phase Switch (0 events):
No events

VM Operations (16 events):
Event: 0.217 Executing non-safepoint VM operation: HandshakeAllThreads (Deoptimize)
Event: 0.217 Executing non-safepoint VM operation: HandshakeAllThreads (Deoptimize) done
Event: 1.208 Executing safepoint VM operation: G1CollectForAllocation (G1 Evacuation Pause)
Event: 1.252 Executing safepoint VM operation: G1CollectForAllocation (G1 Evacuation Pause) done
Event: 1.534 Executing safepoint VM operation: G1CollectForAllocation (G1 Evacuation Pause)
Event: 1.537 Executing safepoint VM operation: G1CollectForAllocation (G1 Evacuation Pause) done
Event: 2.099 Executing non-safepoint VM operation: HandshakeAllThreads (Deoptimize)
Event: 2.099 Executing non-safepoint VM operation: HandshakeAllThreads (Deoptimize) done
Event: 2.381 Executing non-safepoint VM operation: HandshakeAllThreads (Deoptimize)
Event: 2.381 Executing non-safepoint VM operation: HandshakeAllThreads (Deoptimize) done
Event: 2.932 Executing safepoint VM operation: G1CollectForAllocation (G1 Evacuation Pause)
Event: 2.938 Executing safepoint VM operation: G1CollectForAllocation (G1 Evacuation Pause) done
Event: 3.546 Executing safepoint VM operation: ICBufferFull
Event: 3.546 Executing safepoint VM operation: ICBufferFull done
Event: 4.110 Executing safepoint VM operation: G1CollectForAllocation (G1 Evacuation Pause)
Event: 4.112 Executing safepoint VM operation: G1CollectForAllocation (G1 Evacuation Pause) done

Memory protections (0 events):
No events

Nmethod flushes (0 events):
No events

Events (13 events):
Event: 0.062 Thread 0x00000191270e5010 Thread added: 0x00000191270e5010
Event: 0.090 Thread 0x00000191270e5010 Thread added: 0x0000019142c4be30
Event: 0.091 Thread 0x00000191270e5010 Thread added: 0x0000019142c4d400
Event: 0.092 Thread 0x00000191270e5010 Thread added: 0x0000019142c55a00
Event: 0.092 Thread 0x00000191270e5010 Thread added: 0x0000019142c56460
Event: 0.093 Thread 0x00000191270e5010 Thread added: 0x0000019142c56ec0
Event: 0.093 Thread 0x00000191270e5010 Thread added: 0x0000019142c57920
Event: 0.094 Thread 0x00000191270e5010 Thread added: 0x0000019142c586b0
Event: 0.096 Thread 0x00000191270e5010 Thread added: 0x0000019142c85400
Event: 0.278 Thread 0x00000191270e5010 Thread added: 0x000001918817a990
Event: 2.734 Thread 0x00000191270e5010 Thread added: 0x00000191889eb700
Event: 3.983 Thread 0x00000191270e5010 Thread added: 0x0000019188afdb00
Event: 4.491 Thread 0x00000191270e5010 Thread added: 0x0000019188afe980


Dynamic libraries:
0x00007ff632590000 - 0x00007ff63259e000 	C:\Program Files\Eclipse Adoptium\jdk-21.0.10.7-hotspot\bin\java.exe
0x00007ffe45aa0000 - 0x00007ffe45d06000 	C:\WINDOWS\SYSTEM32\ntdll.dll
0x00007ffe44620000 - 0x00007ffe446e9000 	C:\WINDOWS\System32\KERNEL32.DLL
0x00007ffe43360000 - 0x00007ffe4375a000 	C:\WINDOWS\System32\KERNELBASE.dll
0x00007ffe42dc0000 - 0x00007ffe42f0c000 	C:\WINDOWS\System32\ucrtbase.dll
0x00007ffe3d590000 - 0x00007ffe3d5a8000 	C:\Program Files\Eclipse Adoptium\jdk-21.0.10.7-hotspot\bin\jli.dll
0x00007ffe45140000 - 0x00007ffe45307000 	C:\WINDOWS\System32\USER32.dll
0x00007ffe430f0000 - 0x00007ffe43117000 	C:\WINDOWS\System32\win32u.dll
0x00007ffe43810000 - 0x00007ffe4383b000 	C:\WINDOWS\System32\GDI32.dll
0x00007ffe42fc0000 - 0x00007ffe430eb000 	C:\WINDOWS\System32\gdi32full.dll
0x00007ffe43760000 - 0x00007ffe43803000 	C:\WINDOWS\System32\msvcp_win.dll
0x00007ffe3d570000 - 0x00007ffe3d58e000 	C:\Program Files\Eclipse Adoptium\jdk-21.0.10.7-hotspot\bin\VCRUNTIME140.dll
0x00007ffe31b30000 - 0x00007ffe31dc2000 	C:\WINDOWS\WinSxS\amd64_microsoft.windows.common-controls_6595b64144ccf1df_6.0.26100.8521_none_3e08b75ce33403b3\COMCTL32.dll
0x00007ffe45730000 - 0x00007ffe457d9000 	C:\WINDOWS\System32\msvcrt.dll
0x00007ffe444f0000 - 0x00007ffe44522000 	C:\WINDOWS\System32\IMM32.DLL
0x00007ffe3fca0000 - 0x00007ffe3fcac000 	C:\Program Files\Eclipse Adoptium\jdk-21.0.10.7-hotspot\bin\vcruntime140_1.dll
0x00007ffe38ca0000 - 0x00007ffe38d2d000 	C:\Program Files\Eclipse Adoptium\jdk-21.0.10.7-hotspot\bin\msvcp140.dll
0x00007ffdb5570000 - 0x00007ffdb6311000 	C:\Program Files\Eclipse Adoptium\jdk-21.0.10.7-hotspot\bin\server\jvm.dll
0x00007ffe43850000 - 0x00007ffe43906000 	C:\WINDOWS\System32\ADVAPI32.dll
0x00007ffe45370000 - 0x00007ffe4541a000 	C:\WINDOWS\System32\sechost.dll
0x00007ffe45020000 - 0x00007ffe45138000 	C:\WINDOWS\System32\RPCRT4.dll
0x00007ffe457e0000 - 0x00007ffe45860000 	C:\WINDOWS\System32\WS2_32.dll
0x00007ffe42b90000 - 0x00007ffe42bee000 	C:\WINDOWS\SYSTEM32\POWRPROF.dll
0x00007ffe39e90000 - 0x00007ffe39ec6000 	C:\WINDOWS\SYSTEM32\WINMM.dll
0x00007ffe364d0000 - 0x00007ffe364db000 	C:\WINDOWS\SYSTEM32\VERSION.dll
0x00007ffe42b70000 - 0x00007ffe42b84000 	C:\WINDOWS\SYSTEM32\UMPDC.dll
0x00007ffe41a80000 - 0x00007ffe41a9b000 	C:\WINDOWS\SYSTEM32\kernel.appcore.dll
0x00007ffe3d560000 - 0x00007ffe3d56a000 	C:\Program Files\Eclipse Adoptium\jdk-21.0.10.7-hotspot\bin\jimage.dll
0x00007ffe369f0000 - 0x00007ffe36c32000 	C:\WINDOWS\SYSTEM32\DBGHELP.DLL
0x00007ffe43ba0000 - 0x00007ffe43f23000 	C:\WINDOWS\System32\combase.dll
0x00007ffe43f30000 - 0x00007ffe44009000 	C:\WINDOWS\System32\OLEAUT32.dll
0x00007ffe31af0000 - 0x00007ffe31b2b000 	C:\WINDOWS\SYSTEM32\dbgcore.DLL
0x00007ffe42f10000 - 0x00007ffe42fb8000 	C:\WINDOWS\System32\bcryptPrimitives.dll
0x00007ffe33850000 - 0x00007ffe3385f000 	C:\Program Files\Eclipse Adoptium\jdk-21.0.10.7-hotspot\bin\instrument.dll
0x00007ffe3d540000 - 0x00007ffe3d560000 	C:\Program Files\Eclipse Adoptium\jdk-21.0.10.7-hotspot\bin\java.dll
0x00007ffe44890000 - 0x00007ffe45014000 	C:\WINDOWS\System32\SHELL32.dll
0x00007ffe408b0000 - 0x00007ffe41130000 	C:\WINDOWS\SYSTEM32\windows.storage.dll
0x00007ffe43990000 - 0x00007ffe43a86000 	C:\WINDOWS\System32\SHCORE.dll
0x00007ffe44530000 - 0x00007ffe44597000 	C:\WINDOWS\System32\shlwapi.dll
0x00007ffe42c20000 - 0x00007ffe42c49000 	C:\WINDOWS\SYSTEM32\profapi.dll
0x00007ffdda1d0000 - 0x00007ffdda2a7000 	C:\Program Files\Eclipse Adoptium\jdk-21.0.10.7-hotspot\bin\jsvml.dll
0x00007ffe39840000 - 0x00007ffe39858000 	C:\Program Files\Eclipse Adoptium\jdk-21.0.10.7-hotspot\bin\zip.dll
0x00007ffe3d530000 - 0x00007ffe3d540000 	C:\Program Files\Eclipse Adoptium\jdk-21.0.10.7-hotspot\bin\net.dll
0x00007ffe38910000 - 0x00007ffe38a39000 	C:\WINDOWS\SYSTEM32\WINHTTP.dll
0x00007ffe41fd0000 - 0x00007ffe4203c000 	C:\WINDOWS\system32\mswsock.dll
0x00007ffe3d050000 - 0x00007ffe3d066000 	C:\Program Files\Eclipse Adoptium\jdk-21.0.10.7-hotspot\bin\nio.dll
0x00007ffe39800000 - 0x00007ffe39810000 	C:\Program Files\Eclipse Adoptium\jdk-21.0.10.7-hotspot\bin\verify.dll
0x00007ffe25270000 - 0x00007ffe25288000 	C:\WINDOWS\system32\napinsp.dll
0x00007ffe414a0000 - 0x00007ffe415ea000 	C:\WINDOWS\SYSTEM32\DNSAPI.dll
0x00007ffe41e10000 - 0x00007ffe41e1d000 	C:\WINDOWS\SYSTEM32\DSPARSE.dll
0x00007ffe41460000 - 0x00007ffe41493000 	C:\WINDOWS\SYSTEM32\IPHLPAPI.DLL
0x00007ffe45870000 - 0x00007ffe4587a000 	C:\WINDOWS\System32\NSI.dll
0x00007ffe25180000 - 0x00007ffe25193000 	C:\WINDOWS\System32\winrnr.dll
0x00007ffe25150000 - 0x00007ffe25172000 	C:\WINDOWS\system32\nlansp_c.dll
0x00007ffe25130000 - 0x00007ffe25146000 	C:\WINDOWS\system32\wshbth.dll
0x00007ffe39c00000 - 0x00007ffe39c0b000 	C:\Windows\System32\rasadhlp.dll
0x00007ffe398d0000 - 0x00007ffe39956000 	C:\WINDOWS\System32\fwpuclnt.dll
0x00007ffe397f0000 - 0x00007ffe397fa000 	C:\Program Files\Eclipse Adoptium\jdk-21.0.10.7-hotspot\bin\management.dll
0x00007ffe365a0000 - 0x00007ffe365ac000 	C:\Program Files\Eclipse Adoptium\jdk-21.0.10.7-hotspot\bin\management_ext.dll
0x00007ffe43840000 - 0x00007ffe43848000 	C:\WINDOWS\System32\PSAPI.DLL

JVMTI agents:
C:\\Users\\PC\\.m2\\repository\\org\\jacoco\\org.jacoco.agent\\0.8.12\\org.jacoco.agent-0.8.12-runtime.jar path:C:\Program Files\Eclipse Adoptium\jdk-21.0.10.7-hotspot\bin\instrument.dll, loaded, initialized, instrumentlib options:destfile=C:\\Users\\PC\\Documents\\GitHub\\sisrh\\indeci_backend\\target\\jacoco.exec

dbghelp: loaded successfully - version: 4.0.5 - missing functions: none
symbol engine: initialized successfully - sym options: 0x614 - pdb path: .;C:\Program Files\Eclipse Adoptium\jdk-21.0.10.7-hotspot\bin;C:\WINDOWS\SYSTEM32;C:\WINDOWS\WinSxS\amd64_microsoft.windows.common-controls_6595b64144ccf1df_6.0.26100.8521_none_3e08b75ce33403b3;C:\Program Files\Eclipse Adoptium\jdk-21.0.10.7-hotspot\bin\server

VM Arguments:
jvm_args: -javaagent:C:\\Users\\PC\\.m2\\repository\\org\\jacoco\\org.jacoco.agent\\0.8.12\\org.jacoco.agent-0.8.12-runtime.jar=destfile=C:\\Users\\PC\\Documents\\GitHub\\sisrh\\indeci_backend\\target\\jacoco.exec 
java_command: C:\Users\PC\AppData\Local\Temp\surefire10192589083080823106\surefirebooter-20260618003239463_3.jar C:\Users\PC\AppData\Local\Temp\surefire10192589083080823106 2026-06-18T00-32-38_463-jvmRun1 surefire-20260618003239463_1tmp surefire_0-20260618003239463_2tmp
java_class_path (initial): C:\Users\PC\AppData\Local\Temp\surefire10192589083080823106\surefirebooter-20260618003239463_3.jar
Launcher Type: SUN_STANDARD

[Global flags]
     intx CICompilerCount                          = 2                                         {product} {ergonomic}
     uint ConcGCThreads                            = 1                                         {product} {ergonomic}
     uint G1ConcRefinementThreads                  = 2                                         {product} {ergonomic}
   size_t G1HeapRegionSize                         = 1048576                                   {product} {ergonomic}
    uintx GCDrainStackTargetSize                   = 64                                        {product} {ergonomic}
   size_t InitialHeapSize                          = 121634816                                 {product} {ergonomic}
   size_t MarkStackSize                            = 4194304                                   {product} {ergonomic}
   size_t MaxHeapSize                              = 1946157056                                {product} {ergonomic}
   size_t MaxNewSize                               = 1167065088                                {product} {ergonomic}
   size_t MinHeapDeltaBytes                        = 1048576                                   {product} {ergonomic}
   size_t MinHeapSize                              = 8388608                                   {product} {ergonomic}
    uintx NonNMethodCodeHeapSize                   = 5826188                                {pd product} {ergonomic}
    uintx NonProfiledCodeHeapSize                  = 122916026                              {pd product} {ergonomic}
    uintx ProfiledCodeHeapSize                     = 122916026                              {pd product} {ergonomic}
    uintx ReservedCodeCacheSize                    = 251658240                              {pd product} {ergonomic}
     bool SegmentedCodeCache                       = true                                      {product} {ergonomic}
   size_t SoftMaxHeapSize                          = 1946157056                             {manageable} {ergonomic}
     bool UseCompressedOops                        = true                           {product lp64_product} {ergonomic}
     bool UseG1GC                                  = true                                      {product} {ergonomic}
     bool UseLargePagesIndividualAllocation        = false                                  {pd product} {ergonomic}

Logging:
Log output configuration:
 #0: stdout all=warning uptime,level,tags foldmultilines=false
 #1: stderr all=off uptime,level,tags foldmultilines=false

Release file:
IMPLEMENTOR="Eclipse Adoptium" 
IMPLEMENTOR_VERSION="Temurin-21.0.10+7" 
JAVA_RUNTIME_VERSION="21.0.10+7-LTS" 
JAVA_VERSION="21.0.10" 
JAVA_VERSION_DATE="2026-01-20" 
LIBC="default" 
MODULES="java.base java.compiler java.datatransfer java.xml java.prefs java.desktop java.instrument java.logging java.management java.security.sasl java.naming java.rmi java.management.rmi java.net.http java.scripting java.security.jgss java.transaction.xa java.sql java.sql.rowset java.xml.crypto java.se java.smartcardio jdk.accessibility jdk.internal.jvmstat jdk.attach jdk.charsets jdk.internal.opt jdk.zipfs jdk.compiler jdk.crypto.ec jdk.crypto.cryptoki jdk.crypto.mscapi jdk.dynalink jdk.internal.ed jdk.editpad jdk.hotspot.agent jdk.httpserver jdk.incubator.vector jdk.internal.le jdk.internal.vm.ci jdk.internal.vm.compiler jdk.internal.vm.compiler.management jdk.jartool jdk.javadoc jdk.jcmd jdk.management jdk.management.agent jdk.jconsole jdk.jdeps jdk.jdwp.agent jdk.jdi jdk.jfr jdk.jlink jdk.jpackage jdk.jshell jdk.jsobject jdk.jstatd jdk.localedata jdk.management.jfr jdk.naming.dns jdk.naming.rmi jdk.net jdk.nio.mapmode jdk.random jdk.sctp jdk.security.auth jdk.security.jgss jdk.unsupported jdk.unsupported.desktop jdk.xml.dom" 
OS_ARCH="x86_64" 
OS_NAME="Windows" 
SOURCE=".:git:a633eafe0fcc" 
BUILD_SOURCE="git:458965074606f027bd5afce2cfd5c1055dea0438"
BUILD_SOURCE_REPO="https://github.com/adoptium/temurin-build.git"
SOURCE_REPO="https://github.com/adoptium/jdk21u.git"
FULL_VERSION="21.0.10+7-LTS"
SEMANTIC_VERSION="21.0.10+7"
BUILD_INFO="OS: Windows Server 2022 Version: 10.0"
JVM_VARIANT="Hotspot"
JVM_VERSION="21.0.10+7-LTS"
IMAGE_TYPE="JDK"

Environment Variables:
JAVA_HOME=C:\Program Files\Eclipse Adoptium\jdk-21.0.10.7-hotspot
PATH=c:\Users\PC\AppData\Local\Programs\cursor\_\resources\app\node_modules\@vscode\ripgrep\bin;C:\Program Files\Eclipse Adoptium\jdk-21.0.10.7-hotspot\bin;C:\Program Files\Eclipse Adoptium\jdk-25.0.2.10-hotspot\bin;C:\app\PC\product\21c\dbhomeXE\bin;C:\WINDOWS\system32;C:\WINDOWS;C:\WINDOWS\System32\Wbem;C:\WINDOWS\System32\WindowsPowerShell\v1.0\;C:\WINDOWS\System32\OpenSSH\;C:\Program Files\Git\cmd;C:\apache-maven-3.9.12\bin;C:\Program Files\nodejs\;c:\Users\PC\AppData\Local\Programs\cursor\resources\app\codeBin;C:\Users\PC\.local\bin;C:\Users\PC\AppData\Local\Programs\Python\Python312\Scripts\;C:\Users\PC\AppData\Local\Programs\Python\Python312\;C:\Users\PC\AppData\Local\Programs\Python\Launcher\;C:\Users\PC\AppData\Local\Microsoft\WindowsApps;C:\Users\PC\AppData\Local\Programs\Microsoft VS Code\bin;C:\Users\PC\AppData\Local\Programs\Warp\bin;C:\Users\PC\AppData\Roaming\npm;C:\Users\PC\AppData\Local\Programs\cursor\resources\app\bin;C:\Users\PC\.dotnet\tools
USERNAME=PC
TERM=dumb
OS=Windows_NT
PROCESSOR_IDENTIFIER=AMD64 Family 23 Model 160 Stepping 0, AuthenticAMD
TMP=C:\Users\PC\AppData\Local\Temp
TEMP=C:\Users\PC\AppData\Local\Temp




Periodic native trim disabled

---------------  S Y S T E M  ---------------

OS:
 Windows 11 , 64 bit Build 26100 (10.0.26100.8521)
OS uptime: 1 days 15:55 hours
Hyper-V role detected

CPU: total 2 (initial active 2) (2 cores per cpu, 1 threads per core) family 23 model 160 stepping 0 microcode 0x1b, cx8, cmov, fxsr, mmx, 3dnowpref, sse, sse2, sse3, ssse3, sse4a, sse4.1, sse4.2, popcnt, lzcnt, tsc, tscinvbit, avx, avx2, aes, clmul, bmi1, bmi2, adx, sha, fma, vzeroupper, clflush, clflushopt, hv, rdtscp, rdpid, f16c
Processor Information for the first 2 processors :
  Max Mhz: 2401, Current Mhz: 2401, Mhz Limit: 2401

Memory: 4k page, system-wide physical 7418M (468M free)
TotalPageFile size 29946M (AvailPageFile size 0M)
current process WorkingSet (physical memory assigned to process): 106M, peak: 106M
current process commit charge ("private bytes"): 231M, peak: 231M

vm_info: OpenJDK 64-Bit Server VM (21.0.10+7-LTS) for windows-amd64 JRE (21.0.10+7-LTS), built on 2026-01-20T00:00:00Z by "admin" with MS VC++ 17.12 (VS2022)

END.
