#
# There is insufficient memory for the Java Runtime Environment to continue.
# Native memory allocation (mmap) failed to map 39845888 bytes. Error detail: G1 virtual space
# Possible reasons:
#   The system is out of physical RAM or swap space
#   This process is running with CompressedOops enabled, and the Java Heap may be blocking the growth of the native heap
# Possible solutions:
#   Reduce memory load on the system
#   Increase physical memory or swap space
#   Check if swap backing store is full
#   Decrease Java heap size (-Xmx/-Xms)
#   Decrease number of Java threads
#   Decrease Java thread stack sizes (-Xss)
#   Set larger code cache with -XX:ReservedCodeCacheSize=
#   JVM is running with Unscaled Compressed Oops mode in which the Java heap is
#     placed in the first 4GB address space. The Java Heap base address is the
#     maximum limit for the native heap growth. Please use -XX:HeapBaseMinAddress
#     to set the Java Heap base and to place the Java Heap above 4GB virtual address.
# This output file may be truncated or incomplete.
#
#  Out of Memory Error (os_windows.cpp:3714), pid=11712, tid=19888
#
# JRE version: OpenJDK Runtime Environment Temurin-21.0.10+7 (21.0.10+7) (build 21.0.10+7-LTS)
# Java VM: OpenJDK 64-Bit Server VM Temurin-21.0.10+7 (21.0.10+7-LTS, mixed mode, sharing, tiered, compressed oops, compressed class ptrs, g1 gc, windows-amd64)
# No core dump will be written. Minidumps are not enabled by default on client versions of Windows
#

---------------  S U M M A R Y ------------

Command Line: -Dfile.encoding=UTF-8 --enable-native-access=ALL-UNNAMED -Dclassworlds.conf=C:\Users\PC\.m2\wrapper\dists\apache-maven-3.9.14\ed7edd442f634ac1c1ef5ba2b61b6d690b5221091f1a8e1123f5fadcc967520d\bin\m2.conf -Dmaven.home=C:\Users\PC\.m2\wrapper\dists\apache-maven-3.9.14\ed7edd442f634ac1c1ef5ba2b61b6d690b5221091f1a8e1123f5fadcc967520d -Dlibrary.jansi.path=C:\Users\PC\.m2\wrapper\dists\apache-maven-3.9.14\ed7edd442f634ac1c1ef5ba2b61b6d690b5221091f1a8e1123f5fadcc967520d\lib\jansi-native -Dmaven.multiModuleProjectDirectory=C:\Users\PC\Documents\GitHub\sisrh\indeci_backend org.codehaus.plexus.classworlds.launcher.Launcher compile -q -DskipTests

Host: 13th Gen Intel(R) i7-13620H CPU @ 2.4 GHz, , 2 cores, 7G,  Windows 11 , 64 bit Build 26100 (10.0.26100.8521)
Time: Sat Jun 20 00:36:43 2026 Hora est. Pacífico, Sudamérica elapsed time: 289.324357 seconds (0d 0h 4m 49s)

---------------  T H R E A D  ---------------

Current thread (0x0000029db98e0970):  VMThread "VM Thread"          [id=19888, stack(0x000000e412b00000,0x000000e412c00000) (1024K)]

Stack: [0x000000e412b00000,0x000000e412c00000]
Native frames: (J=compiled Java code, j=interpreted, Vv=VM code, C=native code)
V  [jvm.dll+0x6d7a39]
V  [jvm.dll+0x8b4b26]
V  [jvm.dll+0x8b70de]
V  [jvm.dll+0x8b77c3]
V  [jvm.dll+0x284346]
V  [jvm.dll+0x6d4355]
V  [jvm.dll+0x6c808a]
V  [jvm.dll+0x35edb8]
V  [jvm.dll+0x3669f6]
V  [jvm.dll+0x3b7afe]
V  [jvm.dll+0x3b7da8]
V  [jvm.dll+0x332fbc]
V  [jvm.dll+0x333047]
V  [jvm.dll+0x376e1c]
V  [jvm.dll+0x3755be]
V  [jvm.dll+0x332701]
V  [jvm.dll+0x374c2a]
V  [jvm.dll+0x8bd4b0]
V  [jvm.dll+0x8be824]
V  [jvm.dll+0x8bed50]
V  [jvm.dll+0x8beff3]
V  [jvm.dll+0x85f59d]
V  [jvm.dll+0x6d626d]
C  [ucrtbase.dll+0x2cd30]
C  [KERNEL32.DLL+0x2e957]
C  [ntdll.dll+0x87c1c]

VM_Operation (0x000000e4123fc730): G1CollectForAllocation, mode: safepoint, requested by thread 0x0000029d9bcfb720


---------------  P R O C E S S  ---------------

Threads class SMR info:
_java_thread_list=0x0000029dff092d00, length=11, elements={
0x0000029d9bcfb720, 0x0000029db98fd150, 0x0000029db98ffaa0, 0x0000029db9909010,
0x0000029db9909680, 0x0000029db9909cf0, 0x0000029db990a360, 0x0000029db990ad00,
0x0000029db997bac0, 0x0000029db9a546e0, 0x0000029db9a5d350
}

Java Threads: ( => current thread )
  0x0000029d9bcfb720 JavaThread "main"                              [_thread_blocked, id=12700, stack(0x000000e412300000,0x000000e412400000) (1024K)]
  0x0000029db98fd150 JavaThread "Reference Handler"          daemon [_thread_blocked, id=14036, stack(0x000000e412c00000,0x000000e412d00000) (1024K)]
  0x0000029db98ffaa0 JavaThread "Finalizer"                  daemon [_thread_blocked, id=14860, stack(0x000000e412d00000,0x000000e412e00000) (1024K)]
  0x0000029db9909010 JavaThread "Signal Dispatcher"          daemon [_thread_blocked, id=20964, stack(0x000000e412e00000,0x000000e412f00000) (1024K)]
  0x0000029db9909680 JavaThread "Attach Listener"            daemon [_thread_blocked, id=15216, stack(0x000000e412f00000,0x000000e413000000) (1024K)]
  0x0000029db9909cf0 JavaThread "Service Thread"             daemon [_thread_blocked, id=7780, stack(0x000000e413000000,0x000000e413100000) (1024K)]
  0x0000029db990a360 JavaThread "Monitor Deflation Thread"   daemon [_thread_blocked, id=896, stack(0x000000e413100000,0x000000e413200000) (1024K)]
  0x0000029db990ad00 JavaThread "C2 CompilerThread0"         daemon [_thread_blocked, id=12912, stack(0x000000e413200000,0x000000e413300000) (1024K)]
  0x0000029db997bac0 JavaThread "C1 CompilerThread0"         daemon [_thread_blocked, id=18760, stack(0x000000e413300000,0x000000e413400000) (1024K)]
  0x0000029db9a546e0 JavaThread "Notification Thread"        daemon [_thread_blocked, id=17652, stack(0x000000e413400000,0x000000e413500000) (1024K)]
  0x0000029db9a5d350 JavaThread "Common-Cleaner"             daemon [_thread_blocked, id=4540, stack(0x000000e413500000,0x000000e413600000) (1024K)]
Total: 11

Other Threads:
=>0x0000029db98e0970 VMThread "VM Thread"                           [id=19888, stack(0x000000e412b00000,0x000000e412c00000) (1024K)]
  0x0000029db98ce7a0 WatcherThread "VM Periodic Task Thread"        [id=16736, stack(0x000000e412a00000,0x000000e412b00000) (1024K)]
  0x0000029d9bd48180 WorkerThread "GC Thread#0"                     [id=9636, stack(0x000000e412500000,0x000000e412600000) (1024K)]
  0x0000029dff0d8ef0 WorkerThread "GC Thread#1"                     [id=19896, stack(0x000000e413700000,0x000000e413800000) (1024K)]
  0x0000029d9bd58090 ConcurrentGCThread "G1 Main Marker"            [id=19948, stack(0x000000e412600000,0x000000e412700000) (1024K)]
  0x0000029d9bd59930 WorkerThread "G1 Conc#0"                       [id=10932, stack(0x000000e412700000,0x000000e412800000) (1024K)]
  0x0000029d9bdae700 ConcurrentGCThread "G1 Refine#0"               [id=19000, stack(0x000000e412800000,0x000000e412900000) (1024K)]
  0x0000029db9798750 ConcurrentGCThread "G1 Service"                [id=13444, stack(0x000000e412900000,0x000000e412a00000) (1024K)]
Total: 8

Threads with active compile tasks:
C2 CompilerThread0  289420 9615       4       com.sun.tools.javac.tree.TreeMaker::Conditional (24 bytes)
Total: 1

VM state: at safepoint (normal execution)

VM Mutex/Monitor currently owned by a thread:  ([mutex/lock_event])
[0x00007ffbd288e560] Threads_lock - owner thread: 0x0000029db98e0970
[0x00007ffbd288e660] Heap_lock - owner thread: 0x0000029d9bcfb720

Heap address: 0x000000008c000000, size: 1856 MB, Compressed Oops mode: 32-bit

CDS archive(s) mapped at: [0x0000029dba000000-0x0000029dbac80000-0x0000029dbac80000), size 13107200, SharedBaseAddress: 0x0000029dba000000, ArchiveRelocationMode: 1.
Compressed class space mapped at: 0x0000029dbb000000-0x0000029dfb000000, reserved size: 1073741824
Narrow klass base: 0x0000029dba000000, Narrow klass shift: 0, Narrow klass range: 0x100000000

GC Precious Log:
 CardTable entry size: 512
 Card Set container configuration: InlinePtr #cards 5 size 8 Array Of Cards #cards 12 size 40 Howl #buckets 4 coarsen threshold 1843 Howl Bitmap #cards 512 size 80 coarsen threshold 460 Card regions per heap region 1 cards per card region 2048
 CPUs: 2 total, 2 available
 Memory: 7418M
 Large Page Support: Disabled
 NUMA Support: Disabled
 Compressed Oops: Enabled (32-bit)
 Heap Region Size: 1M
 Heap Min Capacity: 8M
 Heap Initial Capacity: 116M
 Heap Max Capacity: 1856M
 Pre-touch: Disabled
 Parallel Workers: 2
 Concurrent Workers: 1
 Concurrent Refinement Workers: 2
 Periodic GC: Disabled

Heap:
 garbage-first heap   total 192512K, used 123262K [0x000000008c000000, 0x0000000100000000)
  region size 1024K, 7 young (7168K), 7 survivors (7168K)
 Metaspace       used 31724K, committed 32192K, reserved 1114112K
  class space    used 3482K, committed 3712K, reserved 1048576K

Heap Regions: E=young(eden), S=young(survivor), O=old, HS=humongous(starts), HC=humongous(continues), CS=collection set, F=free, TAMS=top-at-mark-start, PB=parsable bottom
|   0|0x000000008c000000, 0x000000008c100000, 0x000000008c100000|100%| O|  |TAMS 0x000000008c100000| PB 0x000000008c000000| Untracked 
|   1|0x000000008c100000, 0x000000008c200000, 0x000000008c200000|100%| O|  |TAMS 0x000000008c200000| PB 0x000000008c100000| Untracked 
|   2|0x000000008c200000, 0x000000008c300000, 0x000000008c300000|100%| O|  |TAMS 0x000000008c300000| PB 0x000000008c200000| Untracked 
|   3|0x000000008c300000, 0x000000008c400000, 0x000000008c400000|100%| O|  |TAMS 0x000000008c300000| PB 0x000000008c300000| Untracked 
|   4|0x000000008c400000, 0x000000008c500000, 0x000000008c500000|100%| O|  |TAMS 0x000000008c500000| PB 0x000000008c400000| Untracked 
|   5|0x000000008c500000, 0x000000008c600000, 0x000000008c600000|100%| O|  |TAMS 0x000000008c600000| PB 0x000000008c500000| Untracked 
|   6|0x000000008c600000, 0x000000008c700000, 0x000000008c700000|100%| O|  |TAMS 0x000000008c700000| PB 0x000000008c600000| Untracked 
|   7|0x000000008c700000, 0x000000008c800000, 0x000000008c800000|100%| O|  |TAMS 0x000000008c800000| PB 0x000000008c700000| Untracked 
|   8|0x000000008c800000, 0x000000008c900000, 0x000000008c900000|100%| O|  |TAMS 0x000000008c900000| PB 0x000000008c800000| Untracked 
|   9|0x000000008c900000, 0x000000008ca00000, 0x000000008ca00000|100%| O|  |TAMS 0x000000008ca00000| PB 0x000000008c900000| Untracked 
|  10|0x000000008ca00000, 0x000000008cb00000, 0x000000008cb00000|100%| O|  |TAMS 0x000000008cb00000| PB 0x000000008ca00000| Untracked 
|  11|0x000000008cb00000, 0x000000008cc00000, 0x000000008cc00000|100%| O|  |TAMS 0x000000008cc00000| PB 0x000000008cb00000| Untracked 
|  12|0x000000008cc00000, 0x000000008cd00000, 0x000000008cd00000|100%| O|  |TAMS 0x000000008cd00000| PB 0x000000008cc00000| Untracked 
|  13|0x000000008cd00000, 0x000000008ce00000, 0x000000008ce00000|100%| O|  |TAMS 0x000000008ce00000| PB 0x000000008cd00000| Untracked 
|  14|0x000000008ce00000, 0x000000008cf00000, 0x000000008cf00000|100%| O|  |TAMS 0x000000008cf00000| PB 0x000000008ce00000| Untracked 
|  15|0x000000008cf00000, 0x000000008d000000, 0x000000008d000000|100%| O|  |TAMS 0x000000008d000000| PB 0x000000008cf00000| Untracked 
|  16|0x000000008d000000, 0x000000008d100000, 0x000000008d100000|100%| O|  |TAMS 0x000000008d100000| PB 0x000000008d000000| Untracked 
|  17|0x000000008d100000, 0x000000008d200000, 0x000000008d200000|100%| O|  |TAMS 0x000000008d200000| PB 0x000000008d100000| Untracked 
|  18|0x000000008d200000, 0x000000008d300000, 0x000000008d300000|100%| O|  |TAMS 0x000000008d300000| PB 0x000000008d200000| Untracked 
|  19|0x000000008d300000, 0x000000008d400000, 0x000000008d400000|100%| O|  |TAMS 0x000000008d400000| PB 0x000000008d300000| Untracked 
|  20|0x000000008d400000, 0x000000008d500000, 0x000000008d500000|100%| O|  |TAMS 0x000000008d500000| PB 0x000000008d400000| Untracked 
|  21|0x000000008d500000, 0x000000008d600000, 0x000000008d600000|100%| O|  |TAMS 0x000000008d600000| PB 0x000000008d500000| Untracked 
|  22|0x000000008d600000, 0x000000008d700000, 0x000000008d700000|100%| O|  |TAMS 0x000000008d700000| PB 0x000000008d600000| Untracked 
|  23|0x000000008d700000, 0x000000008d800000, 0x000000008d800000|100%| O|  |TAMS 0x000000008d800000| PB 0x000000008d700000| Untracked 
|  24|0x000000008d800000, 0x000000008d900000, 0x000000008d900000|100%| O|  |TAMS 0x000000008d900000| PB 0x000000008d800000| Untracked 
|  25|0x000000008d900000, 0x000000008da00000, 0x000000008da00000|100%| O|  |TAMS 0x000000008da00000| PB 0x000000008d900000| Untracked 
|  26|0x000000008da00000, 0x000000008db00000, 0x000000008db00000|100%| O|  |TAMS 0x000000008db00000| PB 0x000000008da00000| Untracked 
|  27|0x000000008db00000, 0x000000008dc00000, 0x000000008dc00000|100%| O|  |TAMS 0x000000008dc00000| PB 0x000000008db00000| Untracked 
|  28|0x000000008dc00000, 0x000000008dd00000, 0x000000008dd00000|100%| O|  |TAMS 0x000000008dd00000| PB 0x000000008dc00000| Untracked 
|  29|0x000000008dd00000, 0x000000008de00000, 0x000000008de00000|100%| O|  |TAMS 0x000000008de00000| PB 0x000000008dd00000| Untracked 
|  30|0x000000008de00000, 0x000000008df00000, 0x000000008df00000|100%| O|  |TAMS 0x000000008df00000| PB 0x000000008de00000| Untracked 
|  31|0x000000008df00000, 0x000000008e000000, 0x000000008e000000|100%| O|  |TAMS 0x000000008e000000| PB 0x000000008df00000| Untracked 
|  32|0x000000008e000000, 0x000000008e100000, 0x000000008e100000|100%|HS|  |TAMS 0x000000008e100000| PB 0x000000008e000000| Complete 
|  33|0x000000008e100000, 0x000000008e200000, 0x000000008e200000|100%| O|  |TAMS 0x000000008e200000| PB 0x000000008e100000| Untracked 
|  34|0x000000008e200000, 0x000000008e300000, 0x000000008e300000|100%| O|  |TAMS 0x000000008e300000| PB 0x000000008e200000| Untracked 
|  35|0x000000008e300000, 0x000000008e400000, 0x000000008e400000|100%| O|  |TAMS 0x000000008e400000| PB 0x000000008e300000| Untracked 
|  36|0x000000008e400000, 0x000000008e500000, 0x000000008e500000|100%| O|  |TAMS 0x000000008e500000| PB 0x000000008e400000| Untracked 
|  37|0x000000008e500000, 0x000000008e600000, 0x000000008e600000|100%| O|  |TAMS 0x000000008e600000| PB 0x000000008e500000| Untracked 
|  38|0x000000008e600000, 0x000000008e700000, 0x000000008e700000|100%| O|  |TAMS 0x000000008e700000| PB 0x000000008e600000| Untracked 
|  39|0x000000008e700000, 0x000000008e800000, 0x000000008e800000|100%| O|  |TAMS 0x000000008e800000| PB 0x000000008e700000| Untracked 
|  40|0x000000008e800000, 0x000000008e900000, 0x000000008e900000|100%| O|  |TAMS 0x000000008e900000| PB 0x000000008e800000| Untracked 
|  41|0x000000008e900000, 0x000000008ea00000, 0x000000008ea00000|100%| O|  |TAMS 0x000000008ea00000| PB 0x000000008e900000| Untracked 
|  42|0x000000008ea00000, 0x000000008eb00000, 0x000000008eb00000|100%| O|  |TAMS 0x000000008eb00000| PB 0x000000008ea00000| Untracked 
|  43|0x000000008eb00000, 0x000000008ec00000, 0x000000008ec00000|100%| O|  |TAMS 0x000000008ec00000| PB 0x000000008eb00000| Untracked 
|  44|0x000000008ec00000, 0x000000008ed00000, 0x000000008ed00000|100%| O|  |TAMS 0x000000008ed00000| PB 0x000000008ec00000| Untracked 
|  45|0x000000008ed00000, 0x000000008ee00000, 0x000000008ee00000|100%| O|  |TAMS 0x000000008ee00000| PB 0x000000008ed00000| Untracked 
|  46|0x000000008ee00000, 0x000000008ef00000, 0x000000008ef00000|100%| O|  |TAMS 0x000000008ef00000| PB 0x000000008ee00000| Untracked 
|  47|0x000000008ef00000, 0x000000008f000000, 0x000000008f000000|100%| O|  |TAMS 0x000000008f000000| PB 0x000000008ef00000| Untracked 
|  48|0x000000008f000000, 0x000000008f100000, 0x000000008f100000|100%| O|  |TAMS 0x000000008f100000| PB 0x000000008f000000| Untracked 
|  49|0x000000008f100000, 0x000000008f200000, 0x000000008f200000|100%|HS|  |TAMS 0x000000008f200000| PB 0x000000008f100000| Complete 
|  50|0x000000008f200000, 0x000000008f300000, 0x000000008f300000|100%|HC|  |TAMS 0x000000008f300000| PB 0x000000008f200000| Complete 
|  51|0x000000008f300000, 0x000000008f400000, 0x000000008f400000|100%| O|  |TAMS 0x000000008f400000| PB 0x000000008f300000| Untracked 
|  52|0x000000008f400000, 0x000000008f500000, 0x000000008f500000|100%| O|  |TAMS 0x000000008f500000| PB 0x000000008f400000| Untracked 
|  53|0x000000008f500000, 0x000000008f600000, 0x000000008f600000|100%| O|  |TAMS 0x000000008f600000| PB 0x000000008f500000| Untracked 
|  54|0x000000008f600000, 0x000000008f700000, 0x000000008f700000|100%| O|  |TAMS 0x000000008f700000| PB 0x000000008f600000| Untracked 
|  55|0x000000008f700000, 0x000000008f800000, 0x000000008f800000|100%| O|  |TAMS 0x000000008f700000| PB 0x000000008f700000| Untracked 
|  56|0x000000008f800000, 0x000000008f900000, 0x000000008f900000|100%| O|  |TAMS 0x000000008f900000| PB 0x000000008f800000| Untracked 
|  57|0x000000008f900000, 0x000000008fa00000, 0x000000008fa00000|100%| O|  |TAMS 0x000000008fa00000| PB 0x000000008f900000| Untracked 
|  58|0x000000008fa00000, 0x000000008fb00000, 0x000000008fb00000|100%| O|  |TAMS 0x000000008fb00000| PB 0x000000008fa00000| Untracked 
|  59|0x000000008fb00000, 0x000000008fc00000, 0x000000008fc00000|100%| O|  |TAMS 0x000000008fc00000| PB 0x000000008fb00000| Untracked 
|  60|0x000000008fc00000, 0x000000008fd00000, 0x000000008fd00000|100%| O|  |TAMS 0x000000008fd00000| PB 0x000000008fc00000| Untracked 
|  61|0x000000008fd00000, 0x000000008fe00000, 0x000000008fe00000|100%| O|  |TAMS 0x000000008fe00000| PB 0x000000008fd00000| Untracked 
|  62|0x000000008fe00000, 0x000000008ff00000, 0x000000008ff00000|100%| O|  |TAMS 0x000000008ff00000| PB 0x000000008fe00000| Untracked 
|  63|0x000000008ff00000, 0x0000000090000000, 0x0000000090000000|100%| O|  |TAMS 0x0000000090000000| PB 0x000000008ff00000| Untracked 
|  64|0x0000000090000000, 0x0000000090100000, 0x0000000090100000|100%| O|  |TAMS 0x0000000090100000| PB 0x0000000090000000| Untracked 
|  65|0x0000000090100000, 0x0000000090200000, 0x0000000090200000|100%| O|  |TAMS 0x0000000090200000| PB 0x0000000090100000| Untracked 
|  66|0x0000000090200000, 0x0000000090300000, 0x0000000090300000|100%| O|  |TAMS 0x0000000090300000| PB 0x0000000090200000| Untracked 
|  67|0x0000000090300000, 0x0000000090400000, 0x0000000090400000|100%| O|  |TAMS 0x0000000090400000| PB 0x0000000090300000| Untracked 
|  68|0x0000000090400000, 0x0000000090500000, 0x0000000090500000|100%| O|  |TAMS 0x0000000090500000| PB 0x0000000090400000| Untracked 
|  69|0x0000000090500000, 0x0000000090600000, 0x0000000090600000|100%| O|  |TAMS 0x0000000090600000| PB 0x0000000090500000| Untracked 
|  70|0x0000000090600000, 0x0000000090700000, 0x0000000090700000|100%| O|  |TAMS 0x0000000090700000| PB 0x0000000090600000| Untracked 
|  71|0x0000000090700000, 0x0000000090800000, 0x0000000090800000|100%| O|  |TAMS 0x0000000090800000| PB 0x0000000090700000| Untracked 
|  72|0x0000000090800000, 0x0000000090900000, 0x0000000090900000|100%| O|  |TAMS 0x0000000090900000| PB 0x0000000090800000| Untracked 
|  73|0x0000000090900000, 0x0000000090a00000, 0x0000000090a00000|100%| O|  |TAMS 0x0000000090a00000| PB 0x0000000090900000| Untracked 
|  74|0x0000000090a00000, 0x0000000090b00000, 0x0000000090b00000|100%| O|  |TAMS 0x0000000090b00000| PB 0x0000000090a00000| Untracked 
|  75|0x0000000090b00000, 0x0000000090c00000, 0x0000000090c00000|100%| O|  |TAMS 0x0000000090c00000| PB 0x0000000090b00000| Untracked 
|  76|0x0000000090c00000, 0x0000000090d00000, 0x0000000090d00000|100%| O|  |TAMS 0x0000000090d00000| PB 0x0000000090c00000| Untracked 
|  77|0x0000000090d00000, 0x0000000090e00000, 0x0000000090e00000|100%| O|  |TAMS 0x0000000090e00000| PB 0x0000000090d00000| Untracked 
|  78|0x0000000090e00000, 0x0000000090f00000, 0x0000000090f00000|100%| O|  |TAMS 0x0000000090f00000| PB 0x0000000090e00000| Untracked 
|  79|0x0000000090f00000, 0x0000000091000000, 0x0000000091000000|100%| O|  |TAMS 0x0000000091000000| PB 0x0000000090f00000| Untracked 
|  80|0x0000000091000000, 0x0000000091100000, 0x0000000091100000|100%| O|  |TAMS 0x0000000091100000| PB 0x0000000091000000| Untracked 
|  81|0x0000000091100000, 0x0000000091200000, 0x0000000091200000|100%| O|  |TAMS 0x0000000091200000| PB 0x0000000091100000| Untracked 
|  82|0x0000000091200000, 0x0000000091300000, 0x0000000091300000|100%| O|  |TAMS 0x0000000091300000| PB 0x0000000091200000| Untracked 
|  83|0x0000000091300000, 0x0000000091400000, 0x0000000091400000|100%| O|  |TAMS 0x0000000091400000| PB 0x0000000091300000| Untracked 
|  84|0x0000000091400000, 0x0000000091500000, 0x0000000091500000|100%| O|  |TAMS 0x0000000091500000| PB 0x0000000091400000| Untracked 
|  85|0x0000000091500000, 0x0000000091600000, 0x0000000091600000|100%| O|  |TAMS 0x0000000091600000| PB 0x0000000091500000| Untracked 
|  86|0x0000000091600000, 0x0000000091700000, 0x0000000091700000|100%| O|  |TAMS 0x0000000091700000| PB 0x0000000091600000| Untracked 
|  87|0x0000000091700000, 0x0000000091800000, 0x0000000091800000|100%| O|  |TAMS 0x0000000091800000| PB 0x0000000091700000| Untracked 
|  88|0x0000000091800000, 0x0000000091900000, 0x0000000091900000|100%| O|  |TAMS 0x0000000091900000| PB 0x0000000091800000| Untracked 
|  89|0x0000000091900000, 0x0000000091a00000, 0x0000000091a00000|100%| O|  |TAMS 0x0000000091a00000| PB 0x0000000091900000| Untracked 
|  90|0x0000000091a00000, 0x0000000091b00000, 0x0000000091b00000|100%| O|  |TAMS 0x0000000091b00000| PB 0x0000000091a00000| Untracked 
|  91|0x0000000091b00000, 0x0000000091c00000, 0x0000000091c00000|100%| O|  |TAMS 0x0000000091c00000| PB 0x0000000091b00000| Untracked 
|  92|0x0000000091c00000, 0x0000000091d00000, 0x0000000091d00000|100%| O|  |TAMS 0x0000000091d00000| PB 0x0000000091c00000| Untracked 
|  93|0x0000000091d00000, 0x0000000091e00000, 0x0000000091e00000|100%| O|  |TAMS 0x0000000091e00000| PB 0x0000000091d00000| Untracked 
|  94|0x0000000091e00000, 0x0000000091f00000, 0x0000000091f00000|100%| O|  |TAMS 0x0000000091f00000| PB 0x0000000091e00000| Untracked 
|  95|0x0000000091f00000, 0x0000000092000000, 0x0000000092000000|100%|HS|  |TAMS 0x0000000092000000| PB 0x0000000091f00000| Complete 
|  96|0x0000000092000000, 0x0000000092100000, 0x0000000092100000|100%|HC|  |TAMS 0x0000000092100000| PB 0x0000000092000000| Complete 
|  97|0x0000000092100000, 0x0000000092200000, 0x0000000092200000|100%|HC|  |TAMS 0x0000000092200000| PB 0x0000000092100000| Complete 
|  98|0x0000000092200000, 0x0000000092300000, 0x0000000092300000|100%| O|  |TAMS 0x0000000092300000| PB 0x0000000092200000| Untracked 
|  99|0x0000000092300000, 0x0000000092400000, 0x0000000092400000|100%| O|  |TAMS 0x0000000092400000| PB 0x0000000092300000| Untracked 
| 100|0x0000000092400000, 0x0000000092500000, 0x0000000092500000|100%| O|  |TAMS 0x0000000092500000| PB 0x0000000092400000| Untracked 
| 101|0x0000000092500000, 0x0000000092600000, 0x0000000092600000|100%| O|  |TAMS 0x0000000092600000| PB 0x0000000092500000| Untracked 
| 102|0x0000000092600000, 0x0000000092700000, 0x0000000092700000|100%| O|  |TAMS 0x0000000092700000| PB 0x0000000092600000| Untracked 
| 103|0x0000000092700000, 0x0000000092800000, 0x0000000092800000|100%| O|  |TAMS 0x0000000092800000| PB 0x0000000092700000| Untracked 
| 104|0x0000000092800000, 0x0000000092900000, 0x0000000092900000|100%| O|  |TAMS 0x0000000092900000| PB 0x0000000092800000| Untracked 
| 105|0x0000000092900000, 0x0000000092a00000, 0x0000000092a00000|100%| O|  |TAMS 0x0000000092a00000| PB 0x0000000092900000| Untracked 
| 106|0x0000000092a00000, 0x0000000092b00000, 0x0000000092b00000|100%| O|  |TAMS 0x0000000092b00000| PB 0x0000000092a00000| Untracked 
| 107|0x0000000092b00000, 0x0000000092b00000, 0x0000000092c00000|  0%| F|  |TAMS 0x0000000092b00000| PB 0x0000000092b00000| Untracked 
| 108|0x0000000092c00000, 0x0000000092c00000, 0x0000000092d00000|  0%| F|  |TAMS 0x0000000092c00000| PB 0x0000000092c00000| Untracked 
| 109|0x0000000092d00000, 0x0000000092d00000, 0x0000000092e00000|  0%| F|  |TAMS 0x0000000092d00000| PB 0x0000000092d00000| Untracked 
| 110|0x0000000092e00000, 0x0000000092e00000, 0x0000000092f00000|  0%| F|  |TAMS 0x0000000092e00000| PB 0x0000000092e00000| Untracked 
| 111|0x0000000092f00000, 0x0000000092f00000, 0x0000000093000000|  0%| F|  |TAMS 0x0000000092f00000| PB 0x0000000092f00000| Untracked 
| 112|0x0000000093000000, 0x00000000930df990, 0x0000000093100000| 87%| O|  |TAMS 0x0000000093000000| PB 0x0000000093000000| Untracked 
| 113|0x0000000093100000, 0x0000000093180000, 0x0000000093200000| 50%| S|CS|TAMS 0x0000000093100000| PB 0x0000000093100000| Complete 
| 114|0x0000000093200000, 0x0000000093300000, 0x0000000093300000|100%| S|CS|TAMS 0x0000000093200000| PB 0x0000000093200000| Complete 
| 115|0x0000000093300000, 0x0000000093400000, 0x0000000093400000|100%| S|CS|TAMS 0x0000000093300000| PB 0x0000000093300000| Complete 
| 116|0x0000000093400000, 0x0000000093500000, 0x0000000093500000|100%| S|CS|TAMS 0x0000000093400000| PB 0x0000000093400000| Complete 
| 117|0x0000000093500000, 0x0000000093600000, 0x0000000093600000|100%| S|CS|TAMS 0x0000000093500000| PB 0x0000000093500000| Complete 
| 118|0x0000000093600000, 0x0000000093700000, 0x0000000093700000|100%| S|CS|TAMS 0x0000000093600000| PB 0x0000000093600000| Complete 
| 119|0x0000000093700000, 0x0000000093800000, 0x0000000093800000|100%| S|CS|TAMS 0x0000000093700000| PB 0x0000000093700000| Complete 
| 120|0x0000000093800000, 0x0000000093800000, 0x0000000093900000|  0%| F|  |TAMS 0x0000000093800000| PB 0x0000000093800000| Untracked 
| 121|0x0000000093900000, 0x0000000093900000, 0x0000000093a00000|  0%| F|  |TAMS 0x0000000093900000| PB 0x0000000093900000| Untracked 
| 122|0x0000000093a00000, 0x0000000093a00000, 0x0000000093b00000|  0%| F|  |TAMS 0x0000000093a00000| PB 0x0000000093a00000| Untracked 
| 123|0x0000000093b00000, 0x0000000093b00000, 0x0000000093c00000|  0%| F|  |TAMS 0x0000000093b00000| PB 0x0000000093b00000| Untracked 
| 124|0x0000000093c00000, 0x0000000093c00000, 0x0000000093d00000|  0%| F|  |TAMS 0x0000000093c00000| PB 0x0000000093c00000| Untracked 
| 125|0x0000000093d00000, 0x0000000093d00000, 0x0000000093e00000|  0%| F|  |TAMS 0x0000000093d00000| PB 0x0000000093d00000| Untracked 
| 126|0x0000000093e00000, 0x0000000093e00000, 0x0000000093f00000|  0%| F|  |TAMS 0x0000000093e00000| PB 0x0000000093e00000| Untracked 
| 127|0x0000000093f00000, 0x0000000093f00000, 0x0000000094000000|  0%| F|  |TAMS 0x0000000093f00000| PB 0x0000000093f00000| Untracked 
| 128|0x0000000094000000, 0x0000000094000000, 0x0000000094100000|  0%| F|  |TAMS 0x0000000094000000| PB 0x0000000094000000| Untracked 
| 129|0x0000000094100000, 0x0000000094100000, 0x0000000094200000|  0%| F|  |TAMS 0x0000000094100000| PB 0x0000000094100000| Untracked 
| 130|0x0000000094200000, 0x0000000094200000, 0x0000000094300000|  0%| F|  |TAMS 0x0000000094200000| PB 0x0000000094200000| Untracked 
| 131|0x0000000094300000, 0x0000000094300000, 0x0000000094400000|  0%| F|  |TAMS 0x0000000094300000| PB 0x0000000094300000| Untracked 
| 132|0x0000000094400000, 0x0000000094400000, 0x0000000094500000|  0%| F|  |TAMS 0x0000000094400000| PB 0x0000000094400000| Untracked 
| 133|0x0000000094500000, 0x0000000094500000, 0x0000000094600000|  0%| F|  |TAMS 0x0000000094500000| PB 0x0000000094500000| Untracked 
| 134|0x0000000094600000, 0x0000000094600000, 0x0000000094700000|  0%| F|  |TAMS 0x0000000094600000| PB 0x0000000094600000| Untracked 
| 135|0x0000000094700000, 0x0000000094700000, 0x0000000094800000|  0%| F|  |TAMS 0x0000000094700000| PB 0x0000000094700000| Untracked 
| 136|0x0000000094800000, 0x0000000094800000, 0x0000000094900000|  0%| F|  |TAMS 0x0000000094800000| PB 0x0000000094800000| Untracked 
| 137|0x0000000094900000, 0x0000000094900000, 0x0000000094a00000|  0%| F|  |TAMS 0x0000000094900000| PB 0x0000000094900000| Untracked 
| 138|0x0000000094a00000, 0x0000000094a00000, 0x0000000094b00000|  0%| F|  |TAMS 0x0000000094a00000| PB 0x0000000094a00000| Untracked 
| 139|0x0000000094b00000, 0x0000000094b00000, 0x0000000094c00000|  0%| F|  |TAMS 0x0000000094b00000| PB 0x0000000094b00000| Untracked 
| 140|0x0000000094c00000, 0x0000000094c00000, 0x0000000094d00000|  0%| F|  |TAMS 0x0000000094c00000| PB 0x0000000094c00000| Untracked 
| 141|0x0000000094d00000, 0x0000000094d00000, 0x0000000094e00000|  0%| F|  |TAMS 0x0000000094d00000| PB 0x0000000094d00000| Untracked 
| 142|0x0000000094e00000, 0x0000000094e00000, 0x0000000094f00000|  0%| F|  |TAMS 0x0000000094e00000| PB 0x0000000094e00000| Untracked 
| 143|0x0000000094f00000, 0x0000000094f00000, 0x0000000095000000|  0%| F|  |TAMS 0x0000000094f00000| PB 0x0000000094f00000| Untracked 
| 144|0x0000000095000000, 0x0000000095000000, 0x0000000095100000|  0%| F|  |TAMS 0x0000000095000000| PB 0x0000000095000000| Untracked 
| 145|0x0000000095100000, 0x0000000095100000, 0x0000000095200000|  0%| F|  |TAMS 0x0000000095100000| PB 0x0000000095100000| Untracked 
| 146|0x0000000095200000, 0x0000000095200000, 0x0000000095300000|  0%| F|  |TAMS 0x0000000095200000| PB 0x0000000095200000| Untracked 
| 147|0x0000000095300000, 0x0000000095300000, 0x0000000095400000|  0%| F|  |TAMS 0x0000000095300000| PB 0x0000000095300000| Untracked 
| 148|0x0000000095400000, 0x0000000095400000, 0x0000000095500000|  0%| F|  |TAMS 0x0000000095400000| PB 0x0000000095400000| Untracked 
| 149|0x0000000095500000, 0x0000000095500000, 0x0000000095600000|  0%| F|  |TAMS 0x0000000095500000| PB 0x0000000095500000| Untracked 
| 150|0x0000000095600000, 0x0000000095600000, 0x0000000095700000|  0%| F|  |TAMS 0x0000000095600000| PB 0x0000000095600000| Untracked 
| 151|0x0000000095700000, 0x0000000095700000, 0x0000000095800000|  0%| F|  |TAMS 0x0000000095700000| PB 0x0000000095700000| Untracked 
| 152|0x0000000095800000, 0x0000000095800000, 0x0000000095900000|  0%| F|  |TAMS 0x0000000095800000| PB 0x0000000095800000| Untracked 
| 153|0x0000000095900000, 0x0000000095900000, 0x0000000095a00000|  0%| F|  |TAMS 0x0000000095900000| PB 0x0000000095900000| Untracked 
| 154|0x0000000095a00000, 0x0000000095a00000, 0x0000000095b00000|  0%| F|  |TAMS 0x0000000095a00000| PB 0x0000000095a00000| Untracked 
| 155|0x0000000095b00000, 0x0000000095b00000, 0x0000000095c00000|  0%| F|  |TAMS 0x0000000095b00000| PB 0x0000000095b00000| Untracked 
| 156|0x0000000095c00000, 0x0000000095c00000, 0x0000000095d00000|  0%| F|  |TAMS 0x0000000095c00000| PB 0x0000000095c00000| Untracked 
| 157|0x0000000095d00000, 0x0000000095d00000, 0x0000000095e00000|  0%| F|  |TAMS 0x0000000095d00000| PB 0x0000000095d00000| Untracked 
| 158|0x0000000095e00000, 0x0000000095e00000, 0x0000000095f00000|  0%| F|  |TAMS 0x0000000095e00000| PB 0x0000000095e00000| Untracked 
| 159|0x0000000095f00000, 0x0000000095f00000, 0x0000000096000000|  0%| F|  |TAMS 0x0000000095f00000| PB 0x0000000095f00000| Untracked 
| 160|0x0000000096000000, 0x0000000096000000, 0x0000000096100000|  0%| F|  |TAMS 0x0000000096000000| PB 0x0000000096000000| Untracked 
| 161|0x0000000096100000, 0x0000000096100000, 0x0000000096200000|  0%| F|  |TAMS 0x0000000096100000| PB 0x0000000096100000| Untracked 
| 162|0x0000000096200000, 0x0000000096200000, 0x0000000096300000|  0%| F|  |TAMS 0x0000000096200000| PB 0x0000000096200000| Untracked 
| 163|0x0000000096300000, 0x0000000096300000, 0x0000000096400000|  0%| F|  |TAMS 0x0000000096300000| PB 0x0000000096300000| Untracked 
| 164|0x0000000096400000, 0x0000000096400000, 0x0000000096500000|  0%| F|  |TAMS 0x0000000096400000| PB 0x0000000096400000| Untracked 
| 165|0x0000000096500000, 0x0000000096500000, 0x0000000096600000|  0%| F|  |TAMS 0x0000000096500000| PB 0x0000000096500000| Untracked 
| 166|0x0000000096600000, 0x0000000096600000, 0x0000000096700000|  0%| F|  |TAMS 0x0000000096600000| PB 0x0000000096600000| Untracked 
| 167|0x0000000096700000, 0x0000000096700000, 0x0000000096800000|  0%| F|  |TAMS 0x0000000096700000| PB 0x0000000096700000| Untracked 
| 168|0x0000000096800000, 0x0000000096800000, 0x0000000096900000|  0%| F|  |TAMS 0x0000000096800000| PB 0x0000000096800000| Untracked 
| 169|0x0000000096900000, 0x0000000096900000, 0x0000000096a00000|  0%| F|  |TAMS 0x0000000096900000| PB 0x0000000096900000| Untracked 
| 170|0x0000000096a00000, 0x0000000096a00000, 0x0000000096b00000|  0%| F|  |TAMS 0x0000000096a00000| PB 0x0000000096a00000| Untracked 
| 171|0x0000000096b00000, 0x0000000096b00000, 0x0000000096c00000|  0%| F|  |TAMS 0x0000000096b00000| PB 0x0000000096b00000| Untracked 
| 172|0x0000000096c00000, 0x0000000096c00000, 0x0000000096d00000|  0%| F|  |TAMS 0x0000000096c00000| PB 0x0000000096c00000| Untracked 
| 173|0x0000000096d00000, 0x0000000096d00000, 0x0000000096e00000|  0%| F|  |TAMS 0x0000000096d00000| PB 0x0000000096d00000| Untracked 
| 174|0x0000000096e00000, 0x0000000096e00000, 0x0000000096f00000|  0%| F|  |TAMS 0x0000000096e00000| PB 0x0000000096e00000| Untracked 
| 175|0x0000000096f00000, 0x0000000096f00000, 0x0000000097000000|  0%| F|  |TAMS 0x0000000096f00000| PB 0x0000000096f00000| Untracked 
| 176|0x0000000097000000, 0x0000000097000000, 0x0000000097100000|  0%| F|  |TAMS 0x0000000097000000| PB 0x0000000097000000| Untracked 
| 177|0x0000000097100000, 0x0000000097100000, 0x0000000097200000|  0%| F|  |TAMS 0x0000000097100000| PB 0x0000000097100000| Untracked 
| 178|0x0000000097200000, 0x0000000097200000, 0x0000000097300000|  0%| F|  |TAMS 0x0000000097200000| PB 0x0000000097200000| Untracked 
| 179|0x0000000097300000, 0x0000000097300000, 0x0000000097400000|  0%| F|  |TAMS 0x0000000097300000| PB 0x0000000097300000| Untracked 
|1848|0x00000000ff800000, 0x00000000ff800000, 0x00000000ff900000|  0%| F|  |TAMS 0x00000000ff800000| PB 0x00000000ff800000| Untracked 
|1849|0x00000000ff900000, 0x00000000ffa00000, 0x00000000ffa00000|100%| O|  |TAMS 0x00000000ffa00000| PB 0x00000000ff900000| Untracked 
|1850|0x00000000ffa00000, 0x00000000ffa00000, 0x00000000ffb00000|  0%| F|  |TAMS 0x00000000ffa00000| PB 0x00000000ffa00000| Untracked 
|1851|0x00000000ffb00000, 0x00000000ffc00000, 0x00000000ffc00000|100%| O|  |TAMS 0x00000000ffc00000| PB 0x00000000ffb00000| Untracked 
|1852|0x00000000ffc00000, 0x00000000ffd00000, 0x00000000ffd00000|100%| O|  |TAMS 0x00000000ffd00000| PB 0x00000000ffc00000| Untracked 
|1853|0x00000000ffd00000, 0x00000000ffe00000, 0x00000000ffe00000|100%| O|  |TAMS 0x00000000ffe00000| PB 0x00000000ffd00000| Untracked 
|1854|0x00000000ffe00000, 0x00000000fff00000, 0x00000000fff00000|100%| O|  |TAMS 0x00000000fff00000| PB 0x00000000ffe00000| Untracked 
|1855|0x00000000fff00000, 0x0000000100000000, 0x0000000100000000|100%| O|  |TAMS 0x0000000100000000| PB 0x00000000fff00000| Untracked 

Card table byte_map: [0x0000029db54a0000,0x0000029db5840000] _byte_map_base: 0x0000029db5040000

Marking Bits: (CMBitMap*) 0x0000029d9bd48fb0
 Bits: [0x0000029db5840000, 0x0000029db7540000)

Polling page: 0x0000029d9bc20000

Metaspace:

Usage:
  Non-class:     27.58 MB used.
      Class:      3.40 MB used.
       Both:     30.98 MB used.

Virtual space:
  Non-class space:       64.00 MB reserved,      27.81 MB ( 43%) committed,  1 nodes.
      Class space:        1.00 GB reserved,       3.62 MB ( <1%) committed,  1 nodes.
             Both:        1.06 GB reserved,      31.44 MB (  3%) committed. 

Chunk freelists:
   Non-Class:  4.02 MB
       Class:  12.34 MB
        Both:  16.36 MB

MaxMetaspaceSize: unlimited
CompressedClassSpaceSize: 1.00 GB
Initial GC threshold: 21.00 MB
Current GC threshold: 52.31 MB
CDS: on
 - commit_granule_bytes: 65536.
 - commit_granule_words: 8192.
 - virtual_space_node_default_size: 8388608.
 - enlarge_chunks_in_place: 1.
 - use_allocation_guard: 0.


Internal statistics:

num_allocs_failed_limit: 3.
num_arena_births: 542.
num_arena_deaths: 0.
num_vsnodes_births: 2.
num_vsnodes_deaths: 0.
num_space_committed: 503.
num_space_uncommitted: 0.
num_chunks_returned_to_freelist: 3.
num_chunks_taken_from_freelist: 1788.
num_chunk_merges: 0.
num_chunk_splits: 1229.
num_chunks_enlarged: 895.
num_inconsistent_stats: 0.

CodeHeap 'non-profiled nmethods': size=120064Kb used=6278Kb max_used=6278Kb free=113785Kb
 bounds [0x0000029dad7c0000, 0x0000029daddf0000, 0x0000029db4d00000]
CodeHeap 'profiled nmethods': size=120000Kb used=16240Kb max_used=19030Kb free=103759Kb
 bounds [0x0000029da5d00000, 0x0000029da6fa0000, 0x0000029dad230000]
CodeHeap 'non-nmethods': size=5696Kb used=1378Kb max_used=1438Kb free=4317Kb
 bounds [0x0000029dad230000, 0x0000029dad4a0000, 0x0000029dad7c0000]
CodeCache: size=245760Kb, used=23896Kb, max_used=26746Kb, free=221861Kb
 total_blobs=8019, nmethods=7481, adapters=442, full_count=0
Compilation: enabled, stopped_count=0, restarted_count=0

Compilation events (20 events):
Event: 287.736 Thread 0x0000029db997bac0 9607       3       java.lang.Enum::compareTo (9 bytes)
Event: 287.736 Thread 0x0000029db997bac0 nmethod 9607 0x0000029da5d90410 code [0x0000029da5d905c0, 0x0000029da5d907f0]
Event: 287.741 Thread 0x0000029db997bac0 9608       3       lombok.core.AnnotationValues::of (13 bytes)
Event: 287.741 Thread 0x0000029db997bac0 nmethod 9608 0x0000029da6290190 code [0x0000029da6290360, 0x0000029da6290690]
Event: 287.742 Thread 0x0000029db997bac0 9609       3       lombok.core.handlers.InclusionExclusionUtils::handleToStringMarking (34 bytes)
Event: 287.742 Thread 0x0000029db997bac0 nmethod 9609 0x0000029da6f95190 code [0x0000029da6f95360, 0x0000029da6f95700]
Event: 287.743 Thread 0x0000029db997bac0 9610       3       lombok.javac.handlers.HandleToString::generateToString (207 bytes)
Event: 287.746 Thread 0x0000029db997bac0 nmethod 9610 0x0000029da5eeb890 code [0x0000029da5eebc60, 0x0000029da5eed398]
Event: 287.775 Thread 0x0000029db990ad00 nmethod 9603 0x0000029dadddb290 code [0x0000029dadddb6e0, 0x0000029daddde018]
Event: 287.776 Thread 0x0000029db990ad00 9604       4       lombok.javac.handlers.JavacHandlerUtil::toJavacModifier (56 bytes)
Event: 287.777 Thread 0x0000029db990ad00 nmethod 9604 0x0000029dadd97510 code [0x0000029dadd976a0, 0x0000029dadd97788]
Event: 288.350 Thread 0x0000029db990ad00 9611       4       java.lang.AbstractStringBuilder::<init> (63 bytes)
Event: 288.355 Thread 0x0000029db990ad00 nmethod 9611 0x0000029dadddfa90 code [0x0000029dadddfca0, 0x0000029dadde0480]
Event: 289.221 Thread 0x0000029db990ad00 9612       4       lombok.core.handlers.HandlerUtil::toGetterName (15 bytes)
Event: 289.222 Thread 0x0000029db990ad00 nmethod 9612 0x0000029dadac6410 code [0x0000029dadac65a0, 0x0000029dadac6650]
Event: 289.233 Thread 0x0000029db990ad00 9613   !   4       jdk.proxy3.$Proxy32::fluent (32 bytes)
Event: 289.234 Thread 0x0000029db990ad00 nmethod 9613 0x0000029dadde0890 code [0x0000029dadde0a40, 0x0000029dadde0bd8]
Event: 289.267 Thread 0x0000029db990ad00 9614       4       java.util.regex.Pattern$BmpCharPropertyGreedy::match (89 bytes)
Event: 289.271 Thread 0x0000029db990ad00 nmethod 9614 0x0000029dadde0d90 code [0x0000029dadde0f60, 0x0000029dadde1560]
Event: 289.286 Thread 0x0000029db990ad00 9615       4       com.sun.tools.javac.tree.TreeMaker::Conditional (24 bytes)

GC Heap History (20 events):
Event: 266.240 GC heap after
{Heap after GC invocations=36 (full 0):
 garbage-first heap   total 154624K, used 97418K [0x000000008c000000, 0x0000000100000000)
  region size 1024K, 5 young (5120K), 5 survivors (5120K)
 Metaspace       used 31607K, committed 32064K, reserved 1114112K
  class space    used 3482K, committed 3712K, reserved 1048576K
}
Event: 270.071 GC heap before
{Heap before GC invocations=36 (full 0):
 garbage-first heap   total 154624K, used 144522K [0x000000008c000000, 0x0000000100000000)
  region size 1024K, 51 young (52224K), 5 survivors (5120K)
 Metaspace       used 31608K, committed 32064K, reserved 1114112K
  class space    used 3482K, committed 3712K, reserved 1048576K
}
Event: 270.107 GC heap after
{Heap after GC invocations=37 (full 0):
 garbage-first heap   total 154624K, used 99840K [0x000000008c000000, 0x0000000100000000)
  region size 1024K, 5 young (5120K), 5 survivors (5120K)
 Metaspace       used 31608K, committed 32064K, reserved 1114112K
  class space    used 3482K, committed 3712K, reserved 1048576K
}
Event: 271.966 GC heap before
{Heap before GC invocations=38 (full 0):
 garbage-first heap   total 165888K, used 143872K [0x000000008c000000, 0x0000000100000000)
  region size 1024K, 49 young (50176K), 5 survivors (5120K)
 Metaspace       used 31608K, committed 32064K, reserved 1114112K
  class space    used 3482K, committed 3712K, reserved 1048576K
}
Event: 271.987 GC heap after
{Heap after GC invocations=39 (full 0):
 garbage-first heap   total 165888K, used 101380K [0x000000008c000000, 0x0000000100000000)
  region size 1024K, 5 young (5120K), 5 survivors (5120K)
 Metaspace       used 31608K, committed 32064K, reserved 1114112K
  class space    used 3482K, committed 3712K, reserved 1048576K
}
Event: 276.420 GC heap before
{Heap before GC invocations=39 (full 0):
 garbage-first heap   total 165888K, used 155652K [0x000000008c000000, 0x0000000100000000)
  region size 1024K, 58 young (59392K), 5 survivors (5120K)
 Metaspace       used 31614K, committed 32064K, reserved 1114112K
  class space    used 3482K, committed 3712K, reserved 1048576K
}
Event: 276.448 GC heap after
{Heap after GC invocations=40 (full 0):
 garbage-first heap   total 165888K, used 102471K [0x000000008c000000, 0x0000000100000000)
  region size 1024K, 5 young (5120K), 5 survivors (5120K)
 Metaspace       used 31614K, committed 32064K, reserved 1114112K
  class space    used 3482K, committed 3712K, reserved 1048576K
}
Event: 278.864 GC heap before
{Heap before GC invocations=40 (full 0):
 garbage-first heap   total 165888K, used 155719K [0x000000008c000000, 0x0000000100000000)
  region size 1024K, 57 young (58368K), 5 survivors (5120K)
 Metaspace       used 31637K, committed 32128K, reserved 1114112K
  class space    used 3482K, committed 3712K, reserved 1048576K
}
Event: 278.881 GC heap after
{Heap after GC invocations=41 (full 0):
 garbage-first heap   total 165888K, used 105028K [0x000000008c000000, 0x0000000100000000)
  region size 1024K, 5 young (5120K), 5 survivors (5120K)
 Metaspace       used 31637K, committed 32128K, reserved 1114112K
  class space    used 3482K, committed 3712K, reserved 1048576K
}
Event: 280.926 GC heap before
{Heap before GC invocations=42 (full 0):
 garbage-first heap   total 176128K, used 155204K [0x000000008c000000, 0x0000000100000000)
  region size 1024K, 54 young (55296K), 5 survivors (5120K)
 Metaspace       used 31639K, committed 32128K, reserved 1114112K
  class space    used 3482K, committed 3712K, reserved 1048576K
}
Event: 280.953 GC heap after
{Heap after GC invocations=43 (full 0):
 garbage-first heap   total 176128K, used 108032K [0x000000008c000000, 0x0000000100000000)
  region size 1024K, 6 young (6144K), 6 survivors (6144K)
 Metaspace       used 31639K, committed 32128K, reserved 1114112K
  class space    used 3482K, committed 3712K, reserved 1048576K
}
Event: 282.414 GC heap before
{Heap before GC invocations=43 (full 0):
 garbage-first heap   total 176128K, used 168448K [0x000000008c000000, 0x0000000100000000)
  region size 1024K, 62 young (63488K), 6 survivors (6144K)
 Metaspace       used 31641K, committed 32128K, reserved 1114112K
  class space    used 3482K, committed 3712K, reserved 1048576K
}
Event: 282.447 GC heap after
{Heap after GC invocations=44 (full 0):
 garbage-first heap   total 180224K, used 113634K [0x000000008c000000, 0x0000000100000000)
  region size 1024K, 6 young (6144K), 6 survivors (6144K)
 Metaspace       used 31641K, committed 32128K, reserved 1114112K
  class space    used 3482K, committed 3712K, reserved 1048576K
}
Event: 283.855 GC heap before
{Heap before GC invocations=44 (full 0):
 garbage-first heap   total 180224K, used 169954K [0x000000008c000000, 0x0000000100000000)
  region size 1024K, 61 young (62464K), 6 survivors (6144K)
 Metaspace       used 31682K, committed 32192K, reserved 1114112K
  class space    used 3482K, committed 3712K, reserved 1048576K
}
Event: 283.878 GC heap after
{Heap after GC invocations=45 (full 0):
 garbage-first heap   total 180224K, used 116545K [0x000000008c000000, 0x0000000100000000)
  region size 1024K, 6 young (6144K), 6 survivors (6144K)
 Metaspace       used 31682K, committed 32192K, reserved 1114112K
  class space    used 3482K, committed 3712K, reserved 1048576K
}
Event: 285.304 GC heap before
{Heap before GC invocations=46 (full 0):
 garbage-first heap   total 191488K, used 167745K [0x000000008c000000, 0x0000000100000000)
  region size 1024K, 58 young (59392K), 6 survivors (6144K)
 Metaspace       used 31682K, committed 32192K, reserved 1114112K
  class space    used 3482K, committed 3712K, reserved 1048576K
}
Event: 285.330 GC heap after
{Heap after GC invocations=47 (full 0):
 garbage-first heap   total 191488K, used 117082K [0x000000008c000000, 0x0000000100000000)
  region size 1024K, 6 young (6144K), 6 survivors (6144K)
 Metaspace       used 31682K, committed 32192K, reserved 1114112K
  class space    used 3482K, committed 3712K, reserved 1048576K
}
Event: 286.606 GC heap before
{Heap before GC invocations=47 (full 0):
 garbage-first heap   total 191488K, used 180570K [0x000000008c000000, 0x0000000100000000)
  region size 1024K, 68 young (69632K), 6 survivors (6144K)
 Metaspace       used 31686K, committed 32192K, reserved 1114112K
  class space    used 3482K, committed 3712K, reserved 1048576K
}
Event: 286.651 GC heap after
{Heap after GC invocations=48 (full 0):
 garbage-first heap   total 192512K, used 119808K [0x000000008c000000, 0x0000000100000000)
  region size 1024K, 6 young (6144K), 6 survivors (6144K)
 Metaspace       used 31686K, committed 32192K, reserved 1114112K
  class space    used 3482K, committed 3712K, reserved 1048576K
}
Event: 289.286 GC heap before
{Heap before GC invocations=48 (full 0):
 garbage-first heap   total 192512K, used 182272K [0x000000008c000000, 0x0000000100000000)
  region size 1024K, 67 young (68608K), 6 survivors (6144K)
 Metaspace       used 31724K, committed 32192K, reserved 1114112K
  class space    used 3482K, committed 3712K, reserved 1048576K
}

Dll operation events (8 events):
Event: 1.793 Loaded shared library C:\Program Files\Eclipse Adoptium\jdk-21.0.10.7-hotspot\bin\java.dll
Event: 2.393 Loaded shared library C:\Program Files\Eclipse Adoptium\jdk-21.0.10.7-hotspot\bin\jsvml.dll
Event: 2.500 Loaded shared library C:\Program Files\Eclipse Adoptium\jdk-21.0.10.7-hotspot\bin\net.dll
Event: 2.537 Loaded shared library C:\Program Files\Eclipse Adoptium\jdk-21.0.10.7-hotspot\bin\nio.dll
Event: 2.565 Loaded shared library C:\Program Files\Eclipse Adoptium\jdk-21.0.10.7-hotspot\bin\zip.dll
Event: 4.270 Loaded shared library C:\Users\PC\.m2\wrapper\dists\apache-maven-3.9.14\ed7edd442f634ac1c1ef5ba2b61b6d690b5221091f1a8e1123f5fadcc967520d\lib\jansi-native\Windows\x86_64\jansi.dll
Event: 4.317 Loaded shared library C:\Program Files\Eclipse Adoptium\jdk-21.0.10.7-hotspot\bin\verify.dll
Event: 4.493 Loaded shared library C:\Program Files\Eclipse Adoptium\jdk-21.0.10.7-hotspot\bin\jimage.dll

Deoptimization events (20 events):
Event: 278.295 Thread 0x0000029d9bcfb720 Uncommon trap: trap_request=0xffffff45 fr.pc=0x0000029dadd9ad94 relative=0x0000000000003334
Event: 278.295 Thread 0x0000029d9bcfb720 Uncommon trap: reason=unstable_if action=reinterpret pc=0x0000029dadd9ad94 method=lombok.javac.handlers.JavacHandlerUtil.addAnnotation(Lcom/sun/tools/javac/tree/JCTree$JCModifiers;Llombok/javac/JavacNode;Llombok/javac/JavacNode;Ljava/lang/String;Lcom/sun/
Event: 278.295 Thread 0x0000029d9bcfb720 DEOPT PACKING pc=0x0000029dadd9ad94 sp=0x000000e4123fcbd0
Event: 278.295 Thread 0x0000029d9bcfb720 DEOPT UNPACKING pc=0x0000029dad284422 sp=0x000000e4123fcbb8 mode 2
Event: 278.296 Thread 0x0000029d9bcfb720 Uncommon trap: trap_request=0xffffffde fr.pc=0x0000029dad826688 relative=0x00000000000000e8
Event: 278.296 Thread 0x0000029d9bcfb720 Uncommon trap: reason=class_check action=maybe_recompile pc=0x0000029dad826688 method=lombok.javac.handlers.JavacHandlerUtil.copyAnnotations(Lcom/sun/tools/javac/util/List;)Lcom/sun/tools/javac/util/List; @ 49 c2
Event: 278.296 Thread 0x0000029d9bcfb720 DEOPT PACKING pc=0x0000029dad826688 sp=0x000000e4123fc910
Event: 278.296 Thread 0x0000029d9bcfb720 DEOPT UNPACKING pc=0x0000029dad284422 sp=0x000000e4123fc898 mode 2
Event: 278.331 Thread 0x0000029d9bcfb720 Uncommon trap: trap_request=0xffffffde fr.pc=0x0000029dad826688 relative=0x00000000000000e8
Event: 278.331 Thread 0x0000029d9bcfb720 Uncommon trap: reason=class_check action=maybe_recompile pc=0x0000029dad826688 method=lombok.javac.handlers.JavacHandlerUtil.copyAnnotations(Lcom/sun/tools/javac/util/List;)Lcom/sun/tools/javac/util/List; @ 49 c2
Event: 278.331 Thread 0x0000029d9bcfb720 DEOPT PACKING pc=0x0000029dad826688 sp=0x000000e4123fc8d0
Event: 278.331 Thread 0x0000029d9bcfb720 DEOPT UNPACKING pc=0x0000029dad284422 sp=0x000000e4123fc850 mode 2
Event: 286.226 Thread 0x0000029d9bcfb720 Uncommon trap: trap_request=0xffffff45 fr.pc=0x0000029dad9671b0 relative=0x0000000000000090
Event: 286.226 Thread 0x0000029d9bcfb720 Uncommon trap: reason=unstable_if action=reinterpret pc=0x0000029dad9671b0 method=java.util.regex.Pattern$BitClass.is(I)Z @ 4 c2
Event: 286.226 Thread 0x0000029d9bcfb720 DEOPT PACKING pc=0x0000029dad9671b0 sp=0x000000e4123fc830
Event: 286.227 Thread 0x0000029d9bcfb720 DEOPT UNPACKING pc=0x0000029dad284422 sp=0x000000e4123fc7b8 mode 2
Event: 286.238 Thread 0x0000029d9bcfb720 Uncommon trap: trap_request=0xffffffde fr.pc=0x0000029dad826688 relative=0x00000000000000e8
Event: 286.238 Thread 0x0000029d9bcfb720 Uncommon trap: reason=class_check action=maybe_recompile pc=0x0000029dad826688 method=lombok.javac.handlers.JavacHandlerUtil.copyAnnotations(Lcom/sun/tools/javac/util/List;)Lcom/sun/tools/javac/util/List; @ 49 c2
Event: 286.238 Thread 0x0000029d9bcfb720 DEOPT PACKING pc=0x0000029dad826688 sp=0x000000e4123fc8d0
Event: 286.238 Thread 0x0000029d9bcfb720 DEOPT UNPACKING pc=0x0000029dad284422 sp=0x000000e4123fc850 mode 2

Classes loaded (20 events):
Event: 189.445 Loading class java/util/IdentityHashMap$EntrySet
Event: 189.447 Loading class java/util/IdentityHashMap$EntrySet done
Event: 189.447 Loading class java/util/IdentityHashMap$EntryIterator
Event: 189.448 Loading class java/util/IdentityHashMap$EntryIterator done
Event: 189.448 Loading class java/util/IdentityHashMap$EntryIterator$Entry
Event: 189.448 Loading class java/util/IdentityHashMap$EntryIterator$Entry done
Event: 190.215 Loading class java/util/function/UnaryOperator
Event: 190.216 Loading class java/util/function/UnaryOperator done
Event: 190.235 Loading class java/util/regex/Pattern$Caret
Event: 190.236 Loading class java/util/regex/Pattern$Caret done
Event: 210.981 Loading class java/util/regex/Pattern$SliceI
Event: 210.982 Loading class java/util/regex/Pattern$SliceI done
Event: 212.373 Loading class java/util/regex/Pattern$LazyLoop
Event: 212.402 Loading class java/util/regex/Pattern$Loop
Event: 212.402 Loading class java/util/regex/Pattern$Loop done
Event: 212.402 Loading class java/util/regex/Pattern$LazyLoop done
Event: 212.402 Loading class java/util/regex/Pattern$Prolog
Event: 212.402 Loading class java/util/regex/Pattern$Prolog done
Event: 263.461 Loading class java/util/regex/Pattern$End
Event: 263.462 Loading class java/util/regex/Pattern$End done

Classes unloaded (0 events):
No events

Classes redefined (0 events):
No events

Internal exceptions (20 events):
Event: 177.327 Thread 0x0000029d9bcfb720 Implicit null exception at 0x0000029dad91edf8 to 0x0000029dad91f284
Event: 177.359 Thread 0x0000029d9bcfb720 Implicit null exception at 0x0000029dad9f3415 to 0x0000029dad9f35f0
Event: 193.912 Thread 0x0000029d9bcfb720 Implicit null exception at 0x0000029dada53c4b to 0x0000029dada542b8
Event: 210.943 Thread 0x0000029d9bcfb720 Implicit null exception at 0x0000029dadc67d4c to 0x0000029dadc6851c
Event: 212.145 Thread 0x0000029d9bcfb720 Implicit null exception at 0x0000029dadc15cde to 0x0000029dadc15d18
Event: 212.160 Thread 0x0000029d9bcfb720 Exception <a 'java/lang/NoSuchMethodError'{0x0000000093274e50}: 'void java.lang.invoke.DirectMethodHandle$Holder.invokeInterface(java.lang.Object, java.lang.Object, java.lang.Object, int)'> (0x0000000093274e50) 
thrown [s\src\hotspot\share\interpreter\linkResolver.cpp, line 773]
Event: 212.162 Thread 0x0000029d9bcfb720 Exception <a 'java/lang/NoSuchMethodError'{0x000000009327c538}: 'void java.lang.invoke.DelegatingMethodHandle$Holder.reinvoke_L(java.lang.Object, java.lang.Object, java.lang.Object, int)'> (0x000000009327c538) 
thrown [s\src\hotspot\share\interpreter\linkResolver.cpp, line 773]
Event: 212.169 Thread 0x0000029d9bcfb720 Exception <a 'java/lang/NoSuchMethodError'{0x0000000093294368}: 'long java.lang.invoke.DirectMethodHandle$Holder.invokeStatic(java.lang.Object, java.lang.Object, int)'> (0x0000000093294368) 
thrown [s\src\hotspot\share\interpreter\linkResolver.cpp, line 773]
Event: 212.170 Thread 0x0000029d9bcfb720 Exception <a 'java/lang/NoSuchMethodError'{0x000000009329bf20}: 'java.lang.Object java.lang.invoke.DirectMethodHandle$Holder.invokeSpecial(java.lang.Object, java.lang.Object, java.lang.Object, long, java.lang.Object)'> (0x000000009329bf20) 
thrown [s\src\hotspot\share\interpreter\linkResolver.cpp, line 773]
Event: 212.170 Thread 0x0000029d9bcfb720 Exception <a 'java/lang/NoSuchMethodError'{0x000000009329fbf0}: 'java.lang.Object java.lang.invoke.DelegatingMethodHandle$Holder.reinvoke_L(java.lang.Object, java.lang.Object, long, java.lang.Object)'> (0x000000009329fbf0) 
thrown [s\src\hotspot\share\interpreter\linkResolver.cpp, line 773]
Event: 212.175 Thread 0x0000029d9bcfb720 Exception <a 'java/lang/NoSuchMethodError'{0x00000000932b15a0}: 'java.lang.Object java.lang.invoke.DirectMethodHandle$Holder.invokeVirtual(java.lang.Object, java.lang.Object, java.lang.Object, java.lang.Object, java.lang.Object, java.lang.Object)'> (0x00000000932b15a0) 
thrown [s\src\hotspot\share\interpreter\linkResolver.cpp, line 773]
Event: 212.327 Thread 0x0000029d9bcfb720 Exception <a 'java/lang/NoSuchMethodError'{0x00000000932c46f0}: 'java.lang.Object java.lang.invoke.DirectMethodHandle$Holder.invokeStatic(java.lang.Object, java.lang.Object, int)'> (0x00000000932c46f0) 
thrown [s\src\hotspot\share\interpreter\linkResolver.cpp, line 773]
Event: 212.328 Thread 0x0000029d9bcfb720 Exception <a 'java/lang/NoSuchMethodError'{0x00000000932c84a0}: 'void java.lang.invoke.DirectMethodHandle$Holder.invokeStatic(java.lang.Object, java.lang.Object, int, java.lang.Object)'> (0x00000000932c84a0) 
thrown [s\src\hotspot\share\interpreter\linkResolver.cpp, line 773]
Event: 212.330 Thread 0x0000029d9bcfb720 Exception <a 'java/lang/NoSuchMethodError'{0x00000000932cf788}: 'void java.lang.invoke.DelegatingMethodHandle$Holder.delegate(java.lang.Object, java.lang.Object, int, java.lang.Object)'> (0x00000000932cf788) 
thrown [s\src\hotspot\share\interpreter\linkResolver.cpp, line 773]
Event: 212.340 Thread 0x0000029d9bcfb720 Exception <a 'java/lang/NoSuchMethodError'{0x00000000932e0d18}: 'java.lang.Object java.lang.invoke.DirectMethodHandle$Holder.invokeVirtual(java.lang.Object, java.lang.Object, java.lang.Object, java.lang.Object)'> (0x00000000932e0d18) 
thrown [s\src\hotspot\share\interpreter\linkResolver.cpp, line 773]
Event: 212.345 Thread 0x0000029d9bcfb720 Exception <a 'java/lang/NoSuchMethodError'{0x0000000093102f68}: 'java.lang.Object java.lang.invoke.DirectMethodHandle$Holder.invokeVirtual(java.lang.Object, java.lang.Object, java.lang.Object, java.lang.Object, java.lang.Object, java.lang.Object, java.lang.Object, java.lang.Object, java.lang.Object, java.lang.Object)'> (0x0000000093102f68) 
thrown [s\src\hotspot\share\interpreter\linkResolver.cpp, line 773]
Event: 212.713 Thread 0x0000029d9bcfb720 Exception <a 'java/lang/NoSuchMethodError'{0x00000000931ad0e0}: 'void java.lang.invoke.DirectMethodHandle$Holder.invokeVirtual(java.lang.Object, java.lang.Object, java.lang.Object, java.lang.Object)'> (0x00000000931ad0e0) 
thrown [s\src\hotspot\share\interpreter\linkResolver.cpp, line 773]
Event: 214.343 Thread 0x0000029d9bcfb720 Exception <a 'java/lang/NoSuchMethodError'{0x0000000092e7c9f8}: 'java.lang.Object java.lang.invoke.DirectMethodHandle$Holder.invokeVirtual(java.lang.Object, java.lang.Object, java.lang.Object, java.lang.Object, java.lang.Object)'> (0x0000000092e7c9f8) 
thrown [s\src\hotspot\share\interpreter\linkResolver.cpp, line 773]
Event: 214.396 Thread 0x0000029d9bcfb720 Exception <a 'java/lang/NoSuchMethodError'{0x0000000092eb1150}: 'java.lang.Object java.lang.invoke.DirectMethodHandle$Holder.invokeVirtual(java.lang.Object, java.lang.Object, long)'> (0x0000000092eb1150) 
thrown [s\src\hotspot\share\interpreter\linkResolver.cpp, line 773]
Event: 215.825 Thread 0x0000029d9bcfb720 Implicit null exception at 0x0000029dadb85411 to 0x0000029dadb869c8

ZGC Phase Switch (0 events):
No events

VM Operations (20 events):
Event: 280.953 Executing safepoint VM operation: G1CollectForAllocation (G1 Evacuation Pause) done
Event: 282.414 Executing safepoint VM operation: G1CollectForAllocation (G1 Evacuation Pause)
Event: 282.447 Executing safepoint VM operation: G1CollectForAllocation (G1 Evacuation Pause) done
Event: 283.467 Executing safepoint VM operation: Cleanup
Event: 283.479 Executing safepoint VM operation: Cleanup done
Event: 283.855 Executing safepoint VM operation: G1CollectForAllocation (G1 Evacuation Pause)
Event: 283.878 Executing safepoint VM operation: G1CollectForAllocation (G1 Evacuation Pause) done
Event: 284.207 Executing safepoint VM operation: G1PauseRemark
Event: 284.549 Executing safepoint VM operation: G1PauseRemark done
Event: 284.640 Executing safepoint VM operation: G1PauseCleanup
Event: 284.641 Executing safepoint VM operation: G1PauseCleanup done
Event: 285.304 Executing safepoint VM operation: G1CollectForAllocation (G1 Evacuation Pause)
Event: 285.330 Executing safepoint VM operation: G1CollectForAllocation (G1 Evacuation Pause) done
Event: 286.340 Executing safepoint VM operation: Cleanup
Event: 286.515 Executing safepoint VM operation: Cleanup done
Event: 286.606 Executing safepoint VM operation: G1CollectForAllocation (G1 Evacuation Pause)
Event: 286.651 Executing safepoint VM operation: G1CollectForAllocation (G1 Evacuation Pause) done
Event: 287.655 Executing safepoint VM operation: Cleanup
Event: 287.671 Executing safepoint VM operation: Cleanup done
Event: 289.286 Executing safepoint VM operation: G1CollectForAllocation (G1 Evacuation Pause)

Memory protections (0 events):
No events

Nmethod flushes (20 events):
Event: 284.548 Thread 0x0000029db98e0970 flushing  nmethod 0x0000029da6ba0090
Event: 284.548 Thread 0x0000029db98e0970 flushing  nmethod 0x0000029da6bc9e90
Event: 284.548 Thread 0x0000029db98e0970 flushing  nmethod 0x0000029da6db9890
Event: 284.548 Thread 0x0000029db98e0970 flushing  nmethod 0x0000029da6df6310
Event: 284.548 Thread 0x0000029db98e0970 flushing  nmethod 0x0000029da6e3dd90
Event: 284.548 Thread 0x0000029db98e0970 flushing  nmethod 0x0000029da6e5be90
Event: 284.548 Thread 0x0000029db98e0970 flushing  nmethod 0x0000029dad8ca790
Event: 284.548 Thread 0x0000029db98e0970 flushing  nmethod 0x0000029dadac6410
Event: 284.548 Thread 0x0000029db98e0970 flushing  nmethod 0x0000029dadbf9510
Event: 284.548 Thread 0x0000029db98e0970 flushing  nmethod 0x0000029daddb9210
Event: 284.548 Thread 0x0000029db98e0970 flushing  nmethod 0x0000029da5d90410
Event: 284.548 Thread 0x0000029db98e0970 flushing  nmethod 0x0000029da6022390
Event: 284.548 Thread 0x0000029db98e0970 flushing  nmethod 0x0000029da6adc790
Event: 284.548 Thread 0x0000029db98e0970 flushing  nmethod 0x0000029da6c38690
Event: 284.548 Thread 0x0000029db98e0970 flushing  nmethod 0x0000029da6d1d290
Event: 284.548 Thread 0x0000029db98e0970 flushing  nmethod 0x0000029da6dcd190
Event: 284.548 Thread 0x0000029db98e0970 flushing  nmethod 0x0000029da6e48290
Event: 284.548 Thread 0x0000029db98e0970 flushing  nmethod 0x0000029da6eb4d10
Event: 284.548 Thread 0x0000029db98e0970 flushing  nmethod 0x0000029da6ebbd90
Event: 284.548 Thread 0x0000029db98e0970 flushing  nmethod 0x0000029da6f4d010

Events (13 events):
Event: 1.944 Thread 0x0000029d9bcfb720 Thread added: 0x0000029d9bcfb720
Event: 2.311 Thread 0x0000029d9bcfb720 Thread added: 0x0000029db98fd150
Event: 2.312 Thread 0x0000029d9bcfb720 Thread added: 0x0000029db98ffaa0
Event: 2.391 Thread 0x0000029d9bcfb720 Thread added: 0x0000029db9909010
Event: 2.391 Thread 0x0000029d9bcfb720 Thread added: 0x0000029db9909680
Event: 2.391 Thread 0x0000029d9bcfb720 Thread added: 0x0000029db9909cf0
Event: 2.391 Thread 0x0000029d9bcfb720 Thread added: 0x0000029db990a360
Event: 2.391 Thread 0x0000029d9bcfb720 Thread added: 0x0000029db990ad00
Event: 2.408 Thread 0x0000029d9bcfb720 Thread added: 0x0000029db997bac0
Event: 2.479 Thread 0x0000029d9bcfb720 Thread added: 0x0000029db9a546e0
Event: 2.490 Thread 0x0000029d9bcfb720 Thread added: 0x0000029db9a5d350
Event: 4.261 Thread 0x0000029d9bcfb720 Thread added: 0x0000029dff0a2260
Event: 6.836 Thread 0x0000029dff0a2260 Thread exited: 0x0000029dff0a2260


Dynamic libraries:
0x00007ff7de080000 - 0x00007ff7de08e000 	C:\Program Files\Eclipse Adoptium\jdk-21.0.10.7-hotspot\bin\java.exe
0x00007ffcb37e0000 - 0x00007ffcb3a46000 	C:\WINDOWS\SYSTEM32\ntdll.dll
0x00007ffcb2120000 - 0x00007ffcb21e9000 	C:\WINDOWS\System32\KERNEL32.DLL
0x00007ffcb0a70000 - 0x00007ffcb0e6a000 	C:\WINDOWS\System32\KERNELBASE.dll
0x00007ffcb13d0000 - 0x00007ffcb151c000 	C:\WINDOWS\System32\ucrtbase.dll
0x00007ffcab950000 - 0x00007ffcab968000 	C:\Program Files\Eclipse Adoptium\jdk-21.0.10.7-hotspot\bin\jli.dll
0x00007ffcb34c0000 - 0x00007ffcb3687000 	C:\WINDOWS\System32\USER32.dll
0x00007ffcb1520000 - 0x00007ffcb1547000 	C:\WINDOWS\System32\win32u.dll
0x00007ffcb3760000 - 0x00007ffcb378b000 	C:\WINDOWS\System32\GDI32.dll
0x00007ffcb0f20000 - 0x00007ffcb104b000 	C:\WINDOWS\System32\gdi32full.dll
0x00007ffcb1320000 - 0x00007ffcb13c3000 	C:\WINDOWS\System32\msvcp_win.dll
0x00007ffca4670000 - 0x00007ffca468e000 	C:\Program Files\Eclipse Adoptium\jdk-21.0.10.7-hotspot\bin\VCRUNTIME140.dll
0x00007ffc9f2c0000 - 0x00007ffc9f552000 	C:\WINDOWS\WinSxS\amd64_microsoft.windows.common-controls_6595b64144ccf1df_6.0.26100.8521_none_3e08b75ce33403b3\COMCTL32.dll
0x00007ffcb2f40000 - 0x00007ffcb2fe9000 	C:\WINDOWS\System32\msvcrt.dll
0x00007ffcb3700000 - 0x00007ffcb3732000 	C:\WINDOWS\System32\IMM32.DLL
0x00007ffcaba10000 - 0x00007ffcaba1c000 	C:\Program Files\Eclipse Adoptium\jdk-21.0.10.7-hotspot\bin\vcruntime140_1.dll
0x00007ffc6e250000 - 0x00007ffc6e2dd000 	C:\Program Files\Eclipse Adoptium\jdk-21.0.10.7-hotspot\bin\msvcp140.dll
0x00007ffbd1bd0000 - 0x00007ffbd2971000 	C:\Program Files\Eclipse Adoptium\jdk-21.0.10.7-hotspot\bin\server\jvm.dll
0x00007ffcb2060000 - 0x00007ffcb2116000 	C:\WINDOWS\System32\ADVAPI32.dll
0x00007ffcb2a00000 - 0x00007ffcb2aaa000 	C:\WINDOWS\System32\sechost.dll
0x00007ffcb1550000 - 0x00007ffcb1668000 	C:\WINDOWS\System32\RPCRT4.dll
0x00007ffcb23a0000 - 0x00007ffcb2420000 	C:\WINDOWS\System32\WS2_32.dll
0x00007ffcb08d0000 - 0x00007ffcb092e000 	C:\WINDOWS\SYSTEM32\POWRPROF.dll
0x00007ffca7f30000 - 0x00007ffca7f66000 	C:\WINDOWS\SYSTEM32\WINMM.dll
0x00007ffca6630000 - 0x00007ffca663b000 	C:\WINDOWS\SYSTEM32\VERSION.dll
0x00007ffcb08b0000 - 0x00007ffcb08c4000 	C:\WINDOWS\SYSTEM32\UMPDC.dll
0x00007ffcaf7c0000 - 0x00007ffcaf7db000 	C:\WINDOWS\SYSTEM32\kernel.appcore.dll
0x00007ffcab890000 - 0x00007ffcab89a000 	C:\Program Files\Eclipse Adoptium\jdk-21.0.10.7-hotspot\bin\jimage.dll
0x00007ffca42c0000 - 0x00007ffca4502000 	C:\WINDOWS\SYSTEM32\DBGHELP.DLL
0x00007ffcb3130000 - 0x00007ffcb34b3000 	C:\WINDOWS\System32\combase.dll
0x00007ffcb2270000 - 0x00007ffcb2349000 	C:\WINDOWS\System32\OLEAUT32.dll
0x00007ffc9f280000 - 0x00007ffc9f2bb000 	C:\WINDOWS\SYSTEM32\dbgcore.DLL
0x00007ffcb0e70000 - 0x00007ffcb0f18000 	C:\WINDOWS\System32\bcryptPrimitives.dll
0x00007ffca0a40000 - 0x00007ffca0a60000 	C:\Program Files\Eclipse Adoptium\jdk-21.0.10.7-hotspot\bin\java.dll
0x00007ffcb18d0000 - 0x00007ffcb2054000 	C:\WINDOWS\System32\SHELL32.dll
0x00007ffcae5f0000 - 0x00007ffcaee70000 	C:\WINDOWS\SYSTEM32\windows.storage.dll
0x00007ffcb25e0000 - 0x00007ffcb26d6000 	C:\WINDOWS\System32\SHCORE.dll
0x00007ffcb3690000 - 0x00007ffcb36f7000 	C:\WINDOWS\System32\shlwapi.dll
0x00007ffcb0990000 - 0x00007ffcb09b9000 	C:\WINDOWS\SYSTEM32\profapi.dll
0x00007ffc6d7d0000 - 0x00007ffc6d8a7000 	C:\Program Files\Eclipse Adoptium\jdk-21.0.10.7-hotspot\bin\jsvml.dll
0x00007ffca6fc0000 - 0x00007ffca6fd0000 	C:\Program Files\Eclipse Adoptium\jdk-21.0.10.7-hotspot\bin\net.dll
0x00007ffca6680000 - 0x00007ffca67a9000 	C:\WINDOWS\SYSTEM32\WINHTTP.dll
0x00007ffcafd10000 - 0x00007ffcafd7c000 	C:\WINDOWS\system32\mswsock.dll
0x00007ffc8f7d0000 - 0x00007ffc8f7e6000 	C:\Program Files\Eclipse Adoptium\jdk-21.0.10.7-hotspot\bin\nio.dll
0x00007ffc842e0000 - 0x00007ffc842f8000 	C:\Program Files\Eclipse Adoptium\jdk-21.0.10.7-hotspot\bin\zip.dll
0x00007ffc6dc20000 - 0x00007ffc6dc44000 	C:\Users\PC\.m2\wrapper\dists\apache-maven-3.9.14\ed7edd442f634ac1c1ef5ba2b61b6d690b5221091f1a8e1123f5fadcc967520d\lib\jansi-native\Windows\x86_64\jansi.dll
0x00007ffca6b80000 - 0x00007ffca6b90000 	C:\Program Files\Eclipse Adoptium\jdk-21.0.10.7-hotspot\bin\verify.dll

JVMTI agents: none

dbghelp: loaded successfully - version: 4.0.5 - missing functions: none
symbol engine: initialized successfully - sym options: 0x614 - pdb path: .;C:\Program Files\Eclipse Adoptium\jdk-21.0.10.7-hotspot\bin;C:\WINDOWS\SYSTEM32;C:\WINDOWS\WinSxS\amd64_microsoft.windows.common-controls_6595b64144ccf1df_6.0.26100.8521_none_3e08b75ce33403b3;C:\Program Files\Eclipse Adoptium\jdk-21.0.10.7-hotspot\bin\server;C:\Users\PC\.m2\wrapper\dists\apache-maven-3.9.14\ed7edd442f634ac1c1ef5ba2b61b6d690b5221091f1a8e1123f5fadcc967520d\lib\jansi-native\Windows\x86_64

VM Arguments:
jvm_args: -Dfile.encoding=UTF-8 --enable-native-access=ALL-UNNAMED -Dclassworlds.conf=C:\Users\PC\.m2\wrapper\dists\apache-maven-3.9.14\ed7edd442f634ac1c1ef5ba2b61b6d690b5221091f1a8e1123f5fadcc967520d\bin\m2.conf -Dmaven.home=C:\Users\PC\.m2\wrapper\dists\apache-maven-3.9.14\ed7edd442f634ac1c1ef5ba2b61b6d690b5221091f1a8e1123f5fadcc967520d -Dlibrary.jansi.path=C:\Users\PC\.m2\wrapper\dists\apache-maven-3.9.14\ed7edd442f634ac1c1ef5ba2b61b6d690b5221091f1a8e1123f5fadcc967520d\lib\jansi-native -Dmaven.multiModuleProjectDirectory=C:\Users\PC\Documents\GitHub\sisrh\indeci_backend 
java_command: org.codehaus.plexus.classworlds.launcher.Launcher compile -q -DskipTests
java_class_path (initial): C:\Users\PC\.m2\wrapper\dists\apache-maven-3.9.14\ed7edd442f634ac1c1ef5ba2b61b6d690b5221091f1a8e1123f5fadcc967520d\boot\plexus-classworlds-2.9.0.jar
Launcher Type: SUN_STANDARD

[Global flags]
     intx CICompilerCount                          = 2                                         {product} {ergonomic}
     uint ConcGCThreads                            = 1                                         {product} {ergonomic}
     uint G1ConcRefinementThreads                  = 2                                         {product} {ergonomic}
   size_t G1HeapRegionSize                         = 1048576                                   {product} {ergonomic}
    uintx GCDrainStackTargetSize                   = 64                                        {product} {ergonomic}
   size_t InitialHeapSize                          = 121634816                                 {product} {ergonomic}
   size_t MarkStackSize                            = 4194304                                   {product} {ergonomic}
   size_t MaxHeapSize                              = 1946157056                                {product} {ergonomic}
   size_t MaxNewSize                               = 1167065088                                {product} {ergonomic}
   size_t MinHeapDeltaBytes                        = 1048576                                   {product} {ergonomic}
   size_t MinHeapSize                              = 8388608                                   {product} {ergonomic}
    uintx NonNMethodCodeHeapSize                   = 5826188                                {pd product} {ergonomic}
    uintx NonProfiledCodeHeapSize                  = 122916026                              {pd product} {ergonomic}
    uintx ProfiledCodeHeapSize                     = 122916026                              {pd product} {ergonomic}
    uintx ReservedCodeCacheSize                    = 251658240                              {pd product} {ergonomic}
     bool SegmentedCodeCache                       = true                                      {product} {ergonomic}
   size_t SoftMaxHeapSize                          = 1946157056                             {manageable} {ergonomic}
     bool UseCompressedOops                        = true                           {product lp64_product} {ergonomic}
     bool UseG1GC                                  = true                                      {product} {ergonomic}
     bool UseLargePagesIndividualAllocation        = false                                  {pd product} {ergonomic}

Logging:
Log output configuration:
 #0: stdout all=warning uptime,level,tags foldmultilines=false
 #1: stderr all=off uptime,level,tags foldmultilines=false

Release file:
IMPLEMENTOR="Eclipse Adoptium" 
IMPLEMENTOR_VERSION="Temurin-21.0.10+7" 
JAVA_RUNTIME_VERSION="21.0.10+7-LTS" 
JAVA_VERSION="21.0.10" 
JAVA_VERSION_DATE="2026-01-20" 
LIBC="default" 
MODULES="java.base java.compiler java.datatransfer java.xml java.prefs java.desktop java.instrument java.logging java.management java.security.sasl java.naming java.rmi java.management.rmi java.net.http java.scripting java.security.jgss java.transaction.xa java.sql java.sql.rowset java.xml.crypto java.se java.smartcardio jdk.accessibility jdk.internal.jvmstat jdk.attach jdk.charsets jdk.internal.opt jdk.zipfs jdk.compiler jdk.crypto.ec jdk.crypto.cryptoki jdk.crypto.mscapi jdk.dynalink jdk.internal.ed jdk.editpad jdk.hotspot.agent jdk.httpserver jdk.incubator.vector jdk.internal.le jdk.internal.vm.ci jdk.internal.vm.compiler jdk.internal.vm.compiler.management jdk.jartool jdk.javadoc jdk.jcmd jdk.management jdk.management.agent jdk.jconsole jdk.jdeps jdk.jdwp.agent jdk.jdi jdk.jfr jdk.jlink jdk.jpackage jdk.jshell jdk.jsobject jdk.jstatd jdk.localedata jdk.management.jfr jdk.naming.dns jdk.naming.rmi jdk.net jdk.nio.mapmode jdk.random jdk.sctp jdk.security.auth jdk.security.jgss jdk.unsupported jdk.unsupported.desktop jdk.xml.dom" 
OS_ARCH="x86_64" 
OS_NAME="Windows" 
SOURCE=".:git:a633eafe0fcc" 
BUILD_SOURCE="git:458965074606f027bd5afce2cfd5c1055dea0438"
BUILD_SOURCE_REPO="https://github.com/adoptium/temurin-build.git"
SOURCE_REPO="https://github.com/adoptium/jdk21u.git"
FULL_VERSION="21.0.10+7-LTS"
SEMANTIC_VERSION="21.0.10+7"
BUILD_INFO="OS: Windows Server 2022 Version: 10.0"
JVM_VARIANT="Hotspot"
JVM_VERSION="21.0.10+7-LTS"
IMAGE_TYPE="JDK"

Environment Variables:
JAVA_HOME=C:\Program Files\Eclipse Adoptium\jdk-21.0.10.7-hotspot
PATH=c:\Users\PC\AppData\Local\Programs\cursor\_\resources\app\node_modules\@vscode\ripgrep\bin;C:\Program Files\Eclipse Adoptium\jdk-21.0.10.7-hotspot\bin;C:\Program Files\Eclipse Adoptium\jdk-25.0.2.10-hotspot\bin;C:\app\PC\product\21c\dbhomeXE\bin;C:\WINDOWS\system32;C:\WINDOWS;C:\WINDOWS\System32\Wbem;C:\WINDOWS\System32\WindowsPowerShell\v1.0\;C:\WINDOWS\System32\OpenSSH\;C:\Program Files\Git\cmd;C:\apache-maven-3.9.12\bin;C:\Program Files\nodejs\;c:\Users\PC\AppData\Local\Programs\cursor\resources\app\codeBin;C:\Users\PC\.local\bin;C:\Users\PC\AppData\Local\Programs\Python\Python312\Scripts\;C:\Users\PC\AppData\Local\Programs\Python\Python312\;C:\Users\PC\AppData\Local\Programs\Python\Launcher\;C:\Users\PC\AppData\Local\Microsoft\WindowsApps;C:\Users\PC\AppData\Local\Programs\Microsoft VS Code\bin;C:\Users\PC\AppData\Local\Programs\Warp\bin;C:\Users\PC\AppData\Roaming\npm;C:\Users\PC\AppData\Local\Programs\cursor\resources\app\bin;C:\Users\PC\.dotnet\tools
USERNAME=PC
TERM=dumb
OS=Windows_NT
PROCESSOR_IDENTIFIER=AMD64 Family 23 Model 160 Stepping 0, AuthenticAMD
TMP=C:\Users\PC\AppData\Local\Temp
TEMP=C:\Users\PC\AppData\Local\Temp




Periodic native trim disabled

---------------  S Y S T E M  ---------------

OS:
 Windows 11 , 64 bit Build 26100 (10.0.26100.8521)
OS uptime: 0 days 10:13 hours
Hyper-V role detected

CPU: total 2 (initial active 2) (2 cores per cpu, 1 threads per core) family 23 model 160 stepping 0 microcode 0x1b, cx8, cmov, fxsr, mmx, 3dnowpref, sse, sse2, sse3, ssse3, sse4a, sse4.1, sse4.2, popcnt, lzcnt, tsc, tscinvbit, avx, avx2, aes, clmul, bmi1, bmi2, adx, sha, fma, vzeroupper, clflush, clflushopt, hv, rdtscp, rdpid, f16c
Processor Information for the first 2 processors :
  Max Mhz: 2401, Current Mhz: 2401, Mhz Limit: 2401

Memory: 4k page, system-wide physical 7418M (445M free)
TotalPageFile size 29946M (AvailPageFile size 25M)
current process WorkingSet (physical memory assigned to process): 259M, peak: 259M
current process commit charge ("private bytes"): 349M, peak: 387M

vm_info: OpenJDK 64-Bit Server VM (21.0.10+7-LTS) for windows-amd64 JRE (21.0.10+7-LTS), built on 2026-01-20T00:00:00Z by "admin" with MS VC++ 17.12 (VS2022)

END.
