#
# There is insufficient memory for the Java Runtime Environment to continue.
# Native memory allocation (mmap) failed to map 121634816 bytes. Error detail: G1 virtual space
# Possible reasons:
#   The system is out of physical RAM or swap space
#   This process is running with CompressedOops enabled, and the Java Heap may be blocking the growth of the native heap
# Possible solutions:
#   Reduce memory load on the system
#   Increase physical memory or swap space
#   Check if swap backing store is full
#   Decrease Java heap size (-Xmx/-Xms)
#   Decrease number of Java threads
#   Decrease Java thread stack sizes (-Xss)
#   Set larger code cache with -XX:ReservedCodeCacheSize=
#   JVM is running with Unscaled Compressed Oops mode in which the Java heap is
#     placed in the first 4GB address space. The Java Heap base address is the
#     maximum limit for the native heap growth. Please use -XX:HeapBaseMinAddress
#     to set the Java Heap base and to place the Java Heap above 4GB virtual address.
# This output file may be truncated or incomplete.
#
#  Out of Memory Error (os_windows.cpp:3714), pid=6612, tid=7500
#
# JRE version:  (21.0.10+7) (build )
# Java VM: OpenJDK 64-Bit Server VM (21.0.10+7-LTS, mixed mode, sharing, tiered, compressed oops, compressed class ptrs, g1 gc, windows-amd64)
# No core dump will be written. Minidumps are not enabled by default on client versions of Windows
#

---------------  S U M M A R Y ------------

Command Line: C:\Users\PC\AppData\Local\Temp\surefire18322323644214212642\surefirebooter-20260618003642175_3.jar C:\Users\PC\AppData\Local\Temp\surefire18322323644214212642 2026-06-18T00-36-36_867-jvmRun1 surefire-20260618003642175_1tmp surefire_0-20260618003642175_2tmp

Host: 13th Gen Intel(R) i7-13620H CPU @ 2.4 GHz, , 2 cores, 7G,  Windows 11 , 64 bit Build 26100 (10.0.26100.8521)
Time: Thu Jun 18 00:36:49 2026 Hora est. Pacífico, Sudamérica elapsed time: 2.199618 seconds (0d 0h 0m 2s)

---------------  T H R E A D  ---------------

Current thread (0x00000181ef4a5250):  JavaThread "Unknown thread" [_thread_in_vm, id=7500, stack(0x00000042c5100000,0x00000042c5200000) (1024K)]

Stack: [0x00000042c5100000,0x00000042c5200000]
Native frames: (J=compiled Java code, j=interpreted, Vv=VM code, C=native code)
V  [jvm.dll+0x6d7a39]
V  [jvm.dll+0x8b4b26]
V  [jvm.dll+0x8b70de]
V  [jvm.dll+0x8b77c3]
V  [jvm.dll+0x284346]
V  [jvm.dll+0x6d4355]
V  [jvm.dll+0x6c808a]
V  [jvm.dll+0x35edb8]
V  [jvm.dll+0x3669f6]
V  [jvm.dll+0x3b7afe]
V  [jvm.dll+0x3b7da8]
V  [jvm.dll+0x332fbc]
V  [jvm.dll+0x333b0b]
V  [jvm.dll+0x87eadb]
V  [jvm.dll+0x3c4a81]
V  [jvm.dll+0x867d25]
V  [jvm.dll+0x457b31]
V  [jvm.dll+0x459721]
C  [jli.dll+0x52d0]
C  [ucrtbase.dll+0x2cd30]
C  [KERNEL32.DLL+0x2e957]
C  [ntdll.dll+0x87c1c]


---------------  P R O C E S S  ---------------

Threads class SMR info:
_java_thread_list=0x00007ffdb61ba1c8, length=0, elements={
}

Java Threads: ( => current thread )
Total: 0

Other Threads:
  0x00000181ef4f51b0 WorkerThread "GC Thread#0"                     [id=20240, stack(0x00000042c5200000,0x00000042c5300000) (1024K)]
  0x00000181ef5048b0 ConcurrentGCThread "G1 Main Marker"            [id=15828, stack(0x00000042c5300000,0x00000042c5400000) (1024K)]
  0x00000181ef5052d0 WorkerThread "G1 Conc#0"                       [id=17324, stack(0x00000042c5400000,0x00000042c5500000) (1024K)]

[error occurred during error reporting (printing all threads), id 0xc0000005, EXCEPTION_ACCESS_VIOLATION (0xc0000005) at pc=0x00007ffdb58b56a7]
VM state: not at safepoint (not fully initialized)

VM Mutex/Monitor currently owned by a thread:  ([mutex/lock_event])
[0x00007ffdb622e660] Heap_lock - owner thread: 0x00000181ef4a5250

Heap address: 0x000000008c000000, size: 1856 MB, Compressed Oops mode: 32-bit

CDS archive(s) mapped at: [0x0000000000000000-0x0000000000000000-0x0000000000000000), size 0, SharedBaseAddress: 0x0000000800000000, ArchiveRelocationMode: 1.
Narrow klass base: 0x0000000000000000, Narrow klass shift: 0, Narrow klass range: 0x0

GC Precious Log:
 CardTable entry size: 512
 Card Set container configuration: InlinePtr #cards 5 size 8 Array Of Cards #cards 12 size 40 Howl #buckets 4 coarsen threshold 1843 Howl Bitmap #cards 512 size 80 coarsen threshold 460 Card regions per heap region 1 cards per card region 2048

Heap:
 garbage-first heap   total 0K, used 0K [0x000000008c000000, 0x0000000100000000)
  region size 1024K, 0 young (0K), 0 survivors (0K)

[error occurred during error reporting (printing heap information), id 0xc0000005, EXCEPTION_ACCESS_VIOLATION (0xc0000005) at pc=0x00007ffdb5ca13b9]
GC Heap History (0 events):
No events

Dll operation events (1 events):
Event: 0.033 Loaded shared library C:\Program Files\Eclipse Adoptium\jdk-21.0.10.7-hotspot\bin\java.dll

Deoptimization events (0 events):
No events

Classes loaded (0 events):
No events

Classes unloaded (0 events):
No events

Classes redefined (0 events):
No events

Internal exceptions (0 events):
No events

ZGC Phase Switch (0 events):
No events

VM Operations (0 events):
No events

Memory protections (0 events):
No events

Nmethod flushes (0 events):
No events

Events (0 events):
No events


Dynamic libraries:
0x00007ff632590000 - 0x00007ff63259e000 	C:\Program Files\Eclipse Adoptium\jdk-21.0.10.7-hotspot\bin\java.exe
0x00007ffe45aa0000 - 0x00007ffe45d06000 	C:\WINDOWS\SYSTEM32\ntdll.dll
0x00007ffe44620000 - 0x00007ffe446e9000 	C:\WINDOWS\System32\KERNEL32.DLL
0x00007ffe43360000 - 0x00007ffe4375a000 	C:\WINDOWS\System32\KERNELBASE.dll
0x00007ffe42dc0000 - 0x00007ffe42f0c000 	C:\WINDOWS\System32\ucrtbase.dll
0x00007ffe3d590000 - 0x00007ffe3d5a8000 	C:\Program Files\Eclipse Adoptium\jdk-21.0.10.7-hotspot\bin\jli.dll
0x00007ffe45140000 - 0x00007ffe45307000 	C:\WINDOWS\System32\USER32.dll
0x00007ffe430f0000 - 0x00007ffe43117000 	C:\WINDOWS\System32\win32u.dll
0x00007ffe43810000 - 0x00007ffe4383b000 	C:\WINDOWS\System32\GDI32.dll
0x00007ffe42fc0000 - 0x00007ffe430eb000 	C:\WINDOWS\System32\gdi32full.dll
0x00007ffe43760000 - 0x00007ffe43803000 	C:\WINDOWS\System32\msvcp_win.dll
0x00007ffe3d570000 - 0x00007ffe3d58e000 	C:\Program Files\Eclipse Adoptium\jdk-21.0.10.7-hotspot\bin\VCRUNTIME140.dll
0x00007ffe31b30000 - 0x00007ffe31dc2000 	C:\WINDOWS\WinSxS\amd64_microsoft.windows.common-controls_6595b64144ccf1df_6.0.26100.8521_none_3e08b75ce33403b3\COMCTL32.dll
0x00007ffe45730000 - 0x00007ffe457d9000 	C:\WINDOWS\System32\msvcrt.dll
0x00007ffe444f0000 - 0x00007ffe44522000 	C:\WINDOWS\System32\IMM32.DLL
0x00007ffe3fca0000 - 0x00007ffe3fcac000 	C:\Program Files\Eclipse Adoptium\jdk-21.0.10.7-hotspot\bin\vcruntime140_1.dll
0x00007ffe38ca0000 - 0x00007ffe38d2d000 	C:\Program Files\Eclipse Adoptium\jdk-21.0.10.7-hotspot\bin\msvcp140.dll
0x00007ffdb5570000 - 0x00007ffdb6311000 	C:\Program Files\Eclipse Adoptium\jdk-21.0.10.7-hotspot\bin\server\jvm.dll
0x00007ffe43850000 - 0x00007ffe43906000 	C:\WINDOWS\System32\ADVAPI32.dll
0x00007ffe45370000 - 0x00007ffe4541a000 	C:\WINDOWS\System32\sechost.dll
0x00007ffe45020000 - 0x00007ffe45138000 	C:\WINDOWS\System32\RPCRT4.dll
0x00007ffe457e0000 - 0x00007ffe45860000 	C:\WINDOWS\System32\WS2_32.dll
0x00007ffe42b90000 - 0x00007ffe42bee000 	C:\WINDOWS\SYSTEM32\POWRPROF.dll
0x00007ffe39e90000 - 0x00007ffe39ec6000 	C:\WINDOWS\SYSTEM32\WINMM.dll
0x00007ffe364d0000 - 0x00007ffe364db000 	C:\WINDOWS\SYSTEM32\VERSION.dll
0x00007ffe42b70000 - 0x00007ffe42b84000 	C:\WINDOWS\SYSTEM32\UMPDC.dll
0x00007ffe41a80000 - 0x00007ffe41a9b000 	C:\WINDOWS\SYSTEM32\kernel.appcore.dll
0x00007ffe3d560000 - 0x00007ffe3d56a000 	C:\Program Files\Eclipse Adoptium\jdk-21.0.10.7-hotspot\bin\jimage.dll
0x00007ffe369f0000 - 0x00007ffe36c32000 	C:\WINDOWS\SYSTEM32\DBGHELP.DLL
0x00007ffe43ba0000 - 0x00007ffe43f23000 	C:\WINDOWS\System32\combase.dll
0x00007ffe43f30000 - 0x00007ffe44009000 	C:\WINDOWS\System32\OLEAUT32.dll
0x00007ffe31af0000 - 0x00007ffe31b2b000 	C:\WINDOWS\SYSTEM32\dbgcore.DLL
0x00007ffe42f10000 - 0x00007ffe42fb8000 	C:\WINDOWS\System32\bcryptPrimitives.dll
0x00007ffe3d540000 - 0x00007ffe3d560000 	C:\Program Files\Eclipse Adoptium\jdk-21.0.10.7-hotspot\bin\java.dll

JVMTI agents: none

dbghelp: loaded successfully - version: 4.0.5 - missing functions: none
symbol engine: initialized successfully - sym options: 0x614 - pdb path: .;C:\Program Files\Eclipse Adoptium\jdk-21.0.10.7-hotspot\bin;C:\WINDOWS\SYSTEM32;C:\WINDOWS\WinSxS\amd64_microsoft.windows.common-controls_6595b64144ccf1df_6.0.26100.8521_none_3e08b75ce33403b3;C:\Program Files\Eclipse Adoptium\jdk-21.0.10.7-hotspot\bin\server

VM Arguments:
java_command: C:\Users\PC\AppData\Local\Temp\surefire18322323644214212642\surefirebooter-20260618003642175_3.jar C:\Users\PC\AppData\Local\Temp\surefire18322323644214212642 2026-06-18T00-36-36_867-jvmRun1 surefire-20260618003642175_1tmp surefire_0-20260618003642175_2tmp
java_class_path (initial): C:\Users\PC\AppData\Local\Temp\surefire18322323644214212642\surefirebooter-20260618003642175_3.jar
Launcher Type: SUN_STANDARD

[Global flags]
     intx CICompilerCount                          = 2                                         {product} {ergonomic}
     uint ConcGCThreads                            = 1                                         {product} {ergonomic}
     uint G1ConcRefinementThreads                  = 2                                         {product} {ergonomic}
   size_t G1HeapRegionSize                         = 1048576                                   {product} {ergonomic}
    uintx GCDrainStackTargetSize                   = 64                                        {product} {ergonomic}
   size_t InitialHeapSize                          = 121634816                                 {product} {ergonomic}
   size_t MarkStackSize                            = 4194304                                   {product} {ergonomic}
   size_t MaxHeapSize                              = 1946157056                                {product} {ergonomic}
   size_t MinHeapDeltaBytes                        = 1048576                                   {product} {ergonomic}
   size_t MinHeapSize                              = 8388608                                   {product} {ergonomic}
    uintx NonNMethodCodeHeapSize                   = 5826188                                {pd product} {ergonomic}
    uintx NonProfiledCodeHeapSize                  = 122916026                              {pd product} {ergonomic}
    uintx ProfiledCodeHeapSize                     = 122916026                              {pd product} {ergonomic}
    uintx ReservedCodeCacheSize                    = 251658240                              {pd product} {ergonomic}
     bool SegmentedCodeCache                       = true                                      {product} {ergonomic}
   size_t SoftMaxHeapSize                          = 1946157056                             {manageable} {ergonomic}
     bool UseCompressedOops                        = true                           {product lp64_product} {ergonomic}
     bool UseG1GC                                  = true                                      {product} {ergonomic}
     bool UseLargePagesIndividualAllocation        = false                                  {pd product} {ergonomic}

Logging:
Log output configuration:
 #0: stdout all=warning uptime,level,tags foldmultilines=false
 #1: stderr all=off uptime,level,tags foldmultilines=false

Release file:
<release file has not been read>
Environment Variables:
JAVA_HOME=C:\Program Files\Eclipse Adoptium\jdk-21.0.10.7-hotspot
PATH=c:\Users\PC\AppData\Local\Programs\cursor\_\resources\app\node_modules\@vscode\ripgrep\bin;C:\Program Files\Eclipse Adoptium\jdk-21.0.10.7-hotspot\bin;C:\Program Files\Eclipse Adoptium\jdk-25.0.2.10-hotspot\bin;C:\app\PC\product\21c\dbhomeXE\bin;C:\WINDOWS\system32;C:\WINDOWS;C:\WINDOWS\System32\Wbem;C:\WINDOWS\System32\WindowsPowerShell\v1.0\;C:\WINDOWS\System32\OpenSSH\;C:\Program Files\Git\cmd;C:\apache-maven-3.9.12\bin;C:\Program Files\nodejs\;c:\Users\PC\AppData\Local\Programs\cursor\resources\app\codeBin;C:\Users\PC\.local\bin;C:\Users\PC\AppData\Local\Programs\Python\Python312\Scripts\;C:\Users\PC\AppData\Local\Programs\Python\Python312\;C:\Users\PC\AppData\Local\Programs\Python\Launcher\;C:\Users\PC\AppData\Local\Microsoft\WindowsApps;C:\Users\PC\AppData\Local\Programs\Microsoft VS Code\bin;C:\Users\PC\AppData\Local\Programs\Warp\bin;C:\Users\PC\AppData\Roaming\npm;C:\Users\PC\AppData\Local\Programs\cursor\resources\app\bin;C:\Users\PC\.dotnet\tools
USERNAME=PC
TERM=dumb
OS=Windows_NT
PROCESSOR_IDENTIFIER=AMD64 Family 23 Model 160 Stepping 0, AuthenticAMD
TMP=C:\Users\PC\AppData\Local\Temp
TEMP=C:\Users\PC\AppData\Local\Temp




Periodic native trim disabled

---------------  S Y S T E M  ---------------

OS:
 Windows 11 , 64 bit Build 26100 (10.0.26100.8521)
OS uptime: 1 days 15:59 hours
Hyper-V role detected

CPU: total 2 (initial active 2) (2 cores per cpu, 1 threads per core) family 23 model 160 stepping 0 microcode 0x1b, cx8, cmov, fxsr, mmx, 3dnowpref, sse, sse2, sse3, ssse3, sse4a, sse4.1, sse4.2, popcnt, lzcnt, tsc, tscinvbit, avx, avx2, aes, clmul, bmi1, bmi2, adx, sha, fma, vzeroupper, clflush, clflushopt, hv, rdtscp, rdpid, f16c
Processor Information for the first 2 processors :
  Max Mhz: 2401, Current Mhz: 2401, Mhz Limit: 2401

Memory: 4k page, system-wide physical 7418M (319M free)
TotalPageFile size 29946M (AvailPageFile size 0M)
current process WorkingSet (physical memory assigned to process): 12M, peak: 12M
current process commit charge ("private bytes"): 48M, peak: 163M

vm_info: OpenJDK 64-Bit Server VM (21.0.10+7-LTS) for windows-amd64 JRE (21.0.10+7-LTS), built on 2026-01-20T00:00:00Z by "admin" with MS VC++ 17.12 (VS2022)

END.
